---------------------------------------------------------------
[ 2020-09-05T09:06:30+08:00 ] 127.0.0.1 GET /
[ info ] www.zhaopin.com:8080/ [运行时间：1.764023s][吞吐率：0.57req/s] [内存消耗：3,724.22kb] [文件加载：95]
[ info ] [ CACHE ] INIT File
[ info ] [ BEHAVIOR ] Run cmf\behavior\InitHookBehavior @app_init [ RunTime:0.009527s ]
[ info ] [ LANG ] E:\phpStudy\PHPTutorial\WWW\zhaopin\simplewind\thinkphp\lang\zh-cn.php
[ info ] [ ROUTE ] array (
  'type' => 'module',
  'module' => 
  array (
    0 => '',
    1 => NULL,
    2 => NULL,
  ),
)
[ info ] [ HEADER ] array (
  'cookie' => 'admin_username=admin',
  'accept-language' => 'zh-CN,zh;q=0.9,en-US;q=0.8,en;q=0.7',
  'accept-encoding' => 'gzip, deflate',
  'accept' => 'text/html,application/xhtml+xml,application/xml;q=0.9,image/webp,image/apng,*/*;q=0.8,application/signed-exchange;v=b3;q=0.9',
  'user-agent' => 'Mozilla/5.0 (Windows NT 10.0; Win64; x64) AppleWebKit/537.36 (KHTML, like Gecko) Chrome/79.0.3945.88 Safari/537.36',
  'upgrade-insecure-requests' => '1',
  'connection' => 'close',
  'host' => 'www.zhaopin.com:8080',
)
[ info ] [ PARAM ] array (
)
[ info ] [ LANG ] E:\phpStudy\PHPTutorial\WWW\zhaopin\public/../simplewind/cmf/lang\zh-cn.php
[ info ] [ LANG ] E:\phpStudy\PHPTutorial\WWW\zhaopin\public/../app/admin\lang\zh-cn\common.php
[ info ] [ LANG ] E:\phpStudy\PHPTutorial\WWW\zhaopin\public/../app/portal\lang\zh-cn\common.php
[ info ] [ BEHAVIOR ] Run cmf\behavior\LangBehavior @app_begin [ RunTime:0.055931s ]
[ info ] [ LANG ] E:\phpStudy\PHPTutorial\WWW\zhaopin\public/../app/portal\lang\zh-cn.php
[ info ] [ LANG ] E:\phpStudy\PHPTutorial\WWW\zhaopin\public/../app/portal\lang\zh-cn\home.php
[ info ] [ BEHAVIOR ] Run cmf\behavior\HomeLangBehavior @home_init [ RunTime:0.004748s ]
[ info ] [ RUN ] app\portal\controller\IndexController->index[ E:\phpStudy\PHPTutorial\WWW\zhaopin\app\portal\controller\IndexController.php ]
[ info ] [ DB ] INIT mysql
[ info ] [ VIEW ] themes/index/portal\\index.html [ array (
  0 => 'site_info',
  1 => 'product',
  2 => 'price',
  3 => 'theme_vars',
  4 => 'theme_widgets',
) ]
[ info ] [ LOG ] INIT File
[ sql ] [ DB ] CONNECT:[ UseTime:0.044169s ] mysql:host=47.92.238.166;port=3306;dbname=zhaopin;charset=utf8mb4
[ sql ] [ SQL ] SHOW COLUMNS FROM `ld_product` [ RunTime:0.020849s ]
[ sql ] [ SQL ] SELECT * FROM `ld_product` ORDER BY `list_order` DESC,`creatime` DESC [ RunTime:0.036799s ]
[ sql ] [ SQL ] SHOW COLUMNS FROM `ld_price` [ RunTime:0.020598s ]
[ sql ] [ SQL ] SELECT * FROM `ld_price` ORDER BY `list_order` DESC,`creatime` DESC [ RunTime:0.021058s ]
[ sql ] [ SQL ] SHOW COLUMNS FROM `ld_theme_file` [ RunTime:0.020778s ]
[ sql ] [ SQL ] SELECT * FROM `ld_theme_file` WHERE  `theme` = 'index'  AND `file` = 'portal/article' LIMIT 1 [ RunTime:0.020279s ]
[ sql ] [ SQL ] UPDATE `ld_theme_file`  SET `theme`='index',`action`='portal/Article/index',`file`='portal/article',`name`='新闻文章页',`more`='[]',`config_more`='[]',`description`='文章页模板文件',`is_public`=0,`list_order`=10  WHERE  `theme` = 'index'  AND `file` = 'portal/article' [ RunTime:0.025781s ]
[ sql ] [ SQL ] SELECT * FROM `ld_theme_file` WHERE  `theme` = 'index'  AND `file` = 'portal/article_sale' LIMIT 1 [ RunTime:0.020237s ]
[ sql ] [ SQL ] UPDATE `ld_theme_file`  SET `theme`='index',`action`='portal/Article/index',`file`='portal/article_sale',`name`='产品展示页',`more`='[]',`config_more`='[]',`description`='产品展示模板文件',`is_public`=0,`list_order`=10  WHERE  `theme` = 'index'  AND `file` = 'portal/article_sale' [ RunTime:0.024659s ]
[ sql ] [ SQL ] SELECT * FROM `ld_theme_file` WHERE  `theme` = 'index'  AND `file` = 'portal/list' LIMIT 1 [ RunTime:0.020434s ]
[ sql ] [ SQL ] UPDATE `ld_theme_file`  SET `theme`='index',`action`='portal/List/index',`file`='portal/list',`name`='新闻列表页',`more`='{\"vars\":[],\"widgets\":[]}',`config_more`='{\"vars\":[],\"widgets\":[]}',`description`='新闻列表模板文件',`is_public`=0,`list_order`=10  WHERE  `theme` = 'index'  AND `file` = 'portal/list' [ RunTime:0.026854s ]
[ sql ] [ SQL ] SELECT * FROM `ld_theme_file` WHERE  `theme` = 'index'  AND `file` = 'portal/list_about' LIMIT 1 [ RunTime:0.020363s ]
[ sql ] [ SQL ] UPDATE `ld_theme_file`  SET `theme`='index',`action`='portal/List/index',`file`='portal/list_about',`name`='关于我们页',`more`='{\"vars\":[],\"widgets\":[]}',`config_more`='{\"vars\":[],\"widgets\":[]}',`description`='关于我们模板文件',`is_public`=0,`list_order`=10  WHERE  `theme` = 'index'  AND `file` = 'portal/list_about' [ RunTime:0.025913s ]
[ sql ] [ SQL ] SELECT * FROM `ld_theme_file` WHERE  `theme` = 'index'  AND `file` = 'portal/list_contact' LIMIT 1 [ RunTime:0.026649s ]
[ sql ] [ SQL ] UPDATE `ld_theme_file`  SET `theme`='index',`action`='portal/List/index',`file`='portal/list_contact',`name`='联系我们页',`more`='{\"vars\":[],\"widgets\":[]}',`config_more`='{\"vars\":[],\"widgets\":[]}',`description`='联系我们模板文件',`is_public`=0,`list_order`=10  WHERE  `theme` = 'index'  AND `file` = 'portal/list_contact' [ RunTime:0.026166s ]
[ sql ] [ SQL ] SELECT * FROM `ld_theme_file` WHERE  `theme` = 'index'  AND `file` = 'portal/list_hezuo' LIMIT 1 [ RunTime:0.020507s ]
[ sql ] [ SQL ] UPDATE `ld_theme_file`  SET `theme`='index',`action`='portal/List/index',`file`='portal/list_hezuo',`name`='合作伙伴页',`more`='{\"vars\":[],\"widgets\":[]}',`config_more`='{\"vars\":[],\"widgets\":[]}',`description`='合作伙伴模板文件',`is_public`=0,`list_order`=10  WHERE  `theme` = 'index'  AND `file` = 'portal/list_hezuo' [ RunTime:0.024971s ]
[ sql ] [ SQL ] SELECT * FROM `ld_theme_file` WHERE  `theme` = 'index'  AND `file` = 'portal/list_join' LIMIT 1 [ RunTime:0.020031s ]
[ sql ] [ SQL ] UPDATE `ld_theme_file`  SET `theme`='index',`action`='portal/List/index',`file`='portal/list_join',`name`='加入我们页',`more`='{\"vars\":[],\"widgets\":[]}',`config_more`='{\"vars\":[],\"widgets\":[]}',`description`='加入我们模板文件',`is_public`=0,`list_order`=10  WHERE  `theme` = 'index'  AND `file` = 'portal/list_join' [ RunTime:0.024541s ]
[ sql ] [ SQL ] SELECT * FROM `ld_theme_file` WHERE  `theme` = 'index'  AND `file` = 'portal/list_museum' LIMIT 1 [ RunTime:0.020000s ]
[ sql ] [ SQL ] UPDATE `ld_theme_file`  SET `theme`='index',`action`='portal/List/index',`file`='portal/list_museum',`name`='服务与支持页',`more`='{\"vars\":[],\"widgets\":[]}',`config_more`='{\"vars\":[],\"widgets\":[]}',`description`='服务与支持模板文件',`is_public`=0,`list_order`=10  WHERE  `theme` = 'index'  AND `file` = 'portal/list_museum' [ RunTime:0.026702s ]
[ sql ] [ SQL ] SELECT * FROM `ld_theme_file` WHERE  `theme` = 'index'  AND `file` = 'portal/list_product' LIMIT 1 [ RunTime:0.020139s ]
[ sql ] [ SQL ] UPDATE `ld_theme_file`  SET `theme`='index',`action`='portal/List/index',`file`='portal/list_product',`name`='产品展示页',`more`='{\"vars\":[],\"widgets\":[]}',`config_more`='{\"vars\":[],\"widgets\":[]}',`description`='产品展示模板文件',`is_public`=0,`list_order`=10  WHERE  `theme` = 'index'  AND `file` = 'portal/list_product' [ RunTime:0.027770s ]
[ sql ] [ SQL ] SELECT * FROM `ld_theme_file` WHERE  `theme` = 'index'  AND `file` = 'portal/page' LIMIT 1 [ RunTime:0.020130s ]
[ sql ] [ SQL ] UPDATE `ld_theme_file`  SET `theme`='index',`action`='portal/Page/index',`file`='portal/page',`name`='单页',`more`='{\"vars\":[],\"widgets\":[]}',`config_more`='{\"vars\":[],\"widgets\":[]}',`description`='单页模板',`is_public`=0,`list_order`=10  WHERE  `theme` = 'index'  AND `file` = 'portal/page' [ RunTime:0.029042s ]
[ sql ] [ SQL ] SELECT * FROM `ld_theme_file` WHERE  `theme` = 'index' [ RunTime:0.020454s ]
[ sql ] [ SQL ] SHOW COLUMNS FROM `ld_theme` [ RunTime:0.020742s ]
[ sql ] [ SQL ] UPDATE `ld_theme`  SET `name`='ld',`version`='1.0.2',`demo_url`='http://mydear.vip',`author`='龙鼎',`lang`='zh-cn',`author_url`='http://mydear.vip',`keywords`='龙鼎模板',`description`='龙鼎模板'  WHERE  `theme` = 'index' [ RunTime:0.024605s ]
[ sql ] [ SQL ] SELECT `more` FROM `ld_theme_file` WHERE  `theme` = 'index'  AND (  `is_public` = 1 OR `file` = 'portal/index' ) [ RunTime:0.020056s ]
[ sql ] [ SQL ] SHOW COLUMNS FROM `ld_portal_category` [ RunTime:0.020768s ]
[ sql ] [ SQL ] SELECT `parent_id`,`id` FROM `ld_portal_category` WHERE  `id` = 0 LIMIT 1 [ RunTime:0.020203s ]
[ sql ] [ SQL ] SELECT * FROM `ld_portal_category` WHERE  `status` = 1  AND `delete_time` = 0  AND `parent_id` = 0  AND `id` <> 27 ORDER BY `list_order` DESC,`id` ASC [ RunTime:0.021112s ]
[ sql ] [ SQL ] SELECT `parent_id`,`id` FROM `ld_portal_category` WHERE  `id` = 0 LIMIT 1 [ RunTime:0.019746s ]
[ sql ] [ SQL ] SELECT * FROM `ld_portal_category` WHERE  `status` = 1  AND `delete_time` = 0  AND `parent_id` = 0  AND `id` <> 27 ORDER BY `list_order` DESC,`id` ASC [ RunTime:0.020348s ]
[ sql ] [ SQL ] SHOW COLUMNS FROM `ld_slide` [ RunTime:0.020715s ]
[ sql ] [ SQL ] SELECT COUNT(*) AS tp_count FROM `ld_slide` WHERE  `id` = 1  AND `status` = 1  AND `delete_time` = 0 LIMIT 1 [ RunTime:0.019951s ]
[ sql ] [ SQL ] SHOW COLUMNS FROM `ld_slide_item` [ RunTime:0.020800s ]
[ sql ] [ SQL ] SELECT * FROM `ld_slide_item` WHERE  `status` = 1  AND `slide_id` = 1 ORDER BY `list_order` ASC [ RunTime:0.020342s ]
[ sql ] [ SQL ] SHOW COLUMNS FROM `ld_option` [ RunTime:0.020585s ]
[ sql ] [ SQL ] SELECT `option_value` FROM `ld_option` WHERE  `option_name` = 'storage' LIMIT 1 [ RunTime:0.020136s ]
[ sql ] [ SQL ] SELECT * FROM `ld_portal_category` WHERE  `status` = 1  AND `delete_time` = 0  AND `parent_id` = 4 [ RunTime:0.020228s ]
[ sql ] [ SQL ] SHOW COLUMNS FROM `ld_portal_post` [ RunTime:0.020920s ]
[ sql ] [ SQL ] SELECT * FROM `ld_portal_post` WHERE  ( `published_time` >  0 AND `published_time` < 1599267990 )  AND `post_status` = 1  AND `post_type` = 1  AND `id` = 14  AND `delete_time` = 0 LIMIT 1 [ RunTime:0.021290s ]
[ sql ] [ SQL ] SELECT * FROM `ld_portal_category` WHERE  `id` = 3 LIMIT 1 [ RunTime:0.020288s ]
[ sql ] [ SQL ] SELECT * FROM `ld_portal_category` WHERE  `id` = 18 LIMIT 1 [ RunTime:0.021046s ]
[ sql ] [ SQL ] SELECT * FROM `ld_portal_category` WHERE  `id` = 13 LIMIT 1 [ RunTime:0.020294s ]
[ sql ] [ SQL ] SELECT * FROM `ld_portal_category` WHERE  `id` = 15 LIMIT 1 [ RunTime:0.020191s ]
[ sql ] [ SQL ] SELECT * FROM `ld_portal_category` WHERE  `id` = 17 LIMIT 1 [ RunTime:0.020207s ]
[ sql ] [ SQL ] SELECT post.*,min(category_post.category_id) as category_id,p.posid,p.listorder FROM `ld_portal_post` `post` INNER JOIN `ld_position_data` `p` ON `post`.`id`=`p`.`article_id` INNER JOIN `ld_portal_category_post` `category_post` ON `post`.`id`=`category_post`.`post_id` WHERE  ( `post`.`published_time` >  '0' AND `post`.`published_time` < 1599267990 )  AND `post`.`post_status` = 1  AND `post`.`post_type` = 1  AND `post`.`delete_time` = 0  AND `p`.`posid` = '1' GROUP BY `post`.`id` ORDER BY `listorder` DESC LIMIT 10 [ RunTime:0.021758s ]
[ sql ] [ SQL ] SELECT COUNT(*) AS tp_count FROM ( SELECT count(*) FROM `ld_portal_post` `post` INNER JOIN `ld_portal_category_post` `category_post` ON `post`.`id`=`category_post`.`post_id` WHERE  ( `post`.`published_time` >  '0' AND `post`.`published_time` < 1599267990 )  AND `post`.`post_status` = 1  AND `post`.`post_type` = 1  AND `post`.`delete_time` = 0  AND `category_post`.`category_id` = '5'  AND `post`.`create_time` >= 0 GROUP BY `post`.`id` ) `_group_count_` LIMIT 1 [ RunTime:0.020261s ]
[ sql ] [ SQL ] SELECT post.*,min(category_post.category_id) as category_id FROM `ld_portal_post` `post` INNER JOIN `ld_portal_category_post` `category_post` ON `post`.`id`=`category_post`.`post_id` WHERE  ( `post`.`published_time` >  '0' AND `post`.`published_time` < 1599267990 )  AND `post`.`post_status` = 1  AND `post`.`post_type` = 1  AND `post`.`delete_time` = 0  AND `category_post`.`category_id` = '5'  AND `post`.`create_time` >= 0 GROUP BY `post`.`id` ORDER BY `post`.`published_time` DESC LIMIT 0,6 [ RunTime:0.021511s ]
---------------------------------------------------------------
[ 2020-09-05T09:06:31+08:00 ] 127.0.0.1 GET /upload/admin/20190717/2abdc966ec4cf0e5b98c76048641630f.jpg
[ info ] www.zhaopin.com:8080/upload/admin/20190717/2abdc966ec4cf0e5b98c76048641630f.jpg [运行时间：0.113888s][吞吐率：8.78req/s] [内存消耗：1,844.96kb] [文件加载：60]
[ info ] [ CACHE ] INIT File
[ info ] [ BEHAVIOR ] Run cmf\behavior\InitHookBehavior @app_init [ RunTime:0.006827s ]
[ info ] [ LANG ] E:\phpStudy\PHPTutorial\WWW\zhaopin\simplewind\thinkphp\lang\zh-cn.php
[ info ] [ ROUTE ] array (
  'type' => 'module',
  'module' => 
  array (
    0 => 'upload',
    1 => 'admin',
    2 => '20190717',
  ),
)
[ info ] [ HEADER ] array (
  'cookie' => 'admin_username=admin',
  'accept-language' => 'zh-CN,zh;q=0.9,en-US;q=0.8,en;q=0.7',
  'accept-encoding' => 'gzip, deflate',
  'referer' => 'http://www.zhaopin.com:8080/',
  'accept' => 'image/webp,image/apng,image/*,*/*;q=0.8',
  'user-agent' => 'Mozilla/5.0 (Windows NT 10.0; Win64; x64) AppleWebKit/537.36 (KHTML, like Gecko) Chrome/79.0.3945.88 Safari/537.36',
  'connection' => 'close',
  'host' => 'www.zhaopin.com:8080',
)
[ info ] [ PARAM ] array (
)
[ info ] [ LANG ] E:\phpStudy\PHPTutorial\WWW\zhaopin\public/../simplewind/cmf/lang\zh-cn.php
[ info ] [ LANG ] E:\phpStudy\PHPTutorial\WWW\zhaopin\public/../app/admin\lang\zh-cn\common.php
[ info ] [ LANG ] E:\phpStudy\PHPTutorial\WWW\zhaopin\public/../app/portal\lang\zh-cn\common.php
[ info ] [ BEHAVIOR ] Run cmf\behavior\LangBehavior @app_begin [ RunTime:0.005692s ]
[ info ] [ LOG ] INIT File
---------------------------------------------------------------
[ 2020-09-05T09:06:31+08:00 ] 127.0.0.1 GET /upload/admin/20190717/2abdc966ec4cf0e5b98c76048641630f.jpg
[ info ] www.zhaopin.com:8080/upload/admin/20190717/2abdc966ec4cf0e5b98c76048641630f.jpg [运行时间：0.178009s][吞吐率：5.62req/s] [内存消耗：1,844.96kb] [文件加载：60]
[ info ] [ CACHE ] INIT File
[ info ] [ BEHAVIOR ] Run cmf\behavior\InitHookBehavior @app_init [ RunTime:0.008503s ]
[ info ] [ LANG ] E:\phpStudy\PHPTutorial\WWW\zhaopin\simplewind\thinkphp\lang\zh-cn.php
[ info ] [ ROUTE ] array (
  'type' => 'module',
  'module' => 
  array (
    0 => 'upload',
    1 => 'admin',
    2 => '20190717',
  ),
)
[ info ] [ HEADER ] array (
  'cookie' => 'admin_username=admin',
  'accept-language' => 'zh-CN,zh;q=0.9,en-US;q=0.8,en;q=0.7',
  'accept-encoding' => 'gzip, deflate',
  'referer' => 'http://www.zhaopin.com:8080/',
  'accept' => 'image/webp,image/apng,image/*,*/*;q=0.8',
  'user-agent' => 'Mozilla/5.0 (Windows NT 10.0; Win64; x64) AppleWebKit/537.36 (KHTML, like Gecko) Chrome/79.0.3945.88 Safari/537.36',
  'connection' => 'close',
  'host' => 'www.zhaopin.com:8080',
)
[ info ] [ PARAM ] array (
)
[ info ] [ LANG ] E:\phpStudy\PHPTutorial\WWW\zhaopin\public/../simplewind/cmf/lang\zh-cn.php
[ info ] [ LANG ] E:\phpStudy\PHPTutorial\WWW\zhaopin\public/../app/admin\lang\zh-cn\common.php
[ info ] [ LANG ] E:\phpStudy\PHPTutorial\WWW\zhaopin\public/../app/portal\lang\zh-cn\common.php
[ info ] [ BEHAVIOR ] Run cmf\behavior\LangBehavior @app_begin [ RunTime:0.023740s ]
[ info ] [ LOG ] INIT File
---------------------------------------------------------------
[ 2020-09-05T09:06:32+08:00 ] 127.0.0.1 GET /upload/admin/20190717/ed42cb1c252e04d5e020e562e89f7ce5.jpg
[ info ] www.zhaopin.com:8080/upload/admin/20190717/ed42cb1c252e04d5e020e562e89f7ce5.jpg [运行时间：0.084835s][吞吐率：11.79req/s] [内存消耗：1,844.96kb] [文件加载：60]
[ info ] [ CACHE ] INIT File
[ info ] [ BEHAVIOR ] Run cmf\behavior\InitHookBehavior @app_init [ RunTime:0.006235s ]
[ info ] [ LANG ] E:\phpStudy\PHPTutorial\WWW\zhaopin\simplewind\thinkphp\lang\zh-cn.php
[ info ] [ ROUTE ] array (
  'type' => 'module',
  'module' => 
  array (
    0 => 'upload',
    1 => 'admin',
    2 => '20190717',
  ),
)
[ info ] [ HEADER ] array (
  'cookie' => 'admin_username=admin',
  'accept-language' => 'zh-CN,zh;q=0.9,en-US;q=0.8,en;q=0.7',
  'accept-encoding' => 'gzip, deflate',
  'referer' => 'http://www.zhaopin.com:8080/',
  'accept' => 'image/webp,image/apng,image/*,*/*;q=0.8',
  'user-agent' => 'Mozilla/5.0 (Windows NT 10.0; Win64; x64) AppleWebKit/537.36 (KHTML, like Gecko) Chrome/79.0.3945.88 Safari/537.36',
  'connection' => 'close',
  'host' => 'www.zhaopin.com:8080',
)
[ info ] [ PARAM ] array (
)
[ info ] [ LANG ] E:\phpStudy\PHPTutorial\WWW\zhaopin\public/../simplewind/cmf/lang\zh-cn.php
[ info ] [ LANG ] E:\phpStudy\PHPTutorial\WWW\zhaopin\public/../app/admin\lang\zh-cn\common.php
[ info ] [ LANG ] E:\phpStudy\PHPTutorial\WWW\zhaopin\public/../app/portal\lang\zh-cn\common.php
[ info ] [ BEHAVIOR ] Run cmf\behavior\LangBehavior @app_begin [ RunTime:0.005411s ]
[ info ] [ LOG ] INIT File
---------------------------------------------------------------
[ 2020-09-05T09:06:32+08:00 ] 127.0.0.1 GET /favicon.ico
[ info ] www.zhaopin.com:8080/favicon.ico [运行时间：0.082372s][吞吐率：12.14req/s] [内存消耗：1,845.38kb] [文件加载：60]
[ info ] [ CACHE ] INIT File
[ info ] [ BEHAVIOR ] Run cmf\behavior\InitHookBehavior @app_init [ RunTime:0.007631s ]
[ info ] [ LANG ] E:\phpStudy\PHPTutorial\WWW\zhaopin\simplewind\thinkphp\lang\zh-cn.php
[ info ] [ ROUTE ] array (
  'type' => 'module',
  'module' => 
  array (
    0 => 'favicon.ico',
    1 => NULL,
    2 => NULL,
  ),
)
[ info ] [ HEADER ] array (
  'cookie' => 'admin_username=admin; thinkphp_show_page_trace=0|0',
  'accept-language' => 'zh-CN,zh;q=0.9,en-US;q=0.8,en;q=0.7',
  'accept-encoding' => 'gzip, deflate',
  'referer' => 'http://www.zhaopin.com:8080/',
  'accept' => 'image/webp,image/apng,image/*,*/*;q=0.8',
  'user-agent' => 'Mozilla/5.0 (Windows NT 10.0; Win64; x64) AppleWebKit/537.36 (KHTML, like Gecko) Chrome/79.0.3945.88 Safari/537.36',
  'connection' => 'close',
  'host' => 'www.zhaopin.com:8080',
)
[ info ] [ PARAM ] array (
)
[ info ] [ LANG ] E:\phpStudy\PHPTutorial\WWW\zhaopin\public/../simplewind/cmf/lang\zh-cn.php
[ info ] [ LANG ] E:\phpStudy\PHPTutorial\WWW\zhaopin\public/../app/admin\lang\zh-cn\common.php
[ info ] [ LANG ] E:\phpStudy\PHPTutorial\WWW\zhaopin\public/../app/portal\lang\zh-cn\common.php
[ info ] [ BEHAVIOR ] Run cmf\behavior\LangBehavior @app_begin [ RunTime:0.005448s ]
[ info ] [ LOG ] INIT File
---------------------------------------------------------------
[ 2020-09-05T09:29:24+08:00 ] 127.0.0.1 GET /
[ info ] www.zhaopin.com:8080/ [运行时间：0.231809s][吞吐率：4.31req/s] [内存消耗：2,705.91kb] [文件加载：79]
[ info ] [ CACHE ] INIT File
[ info ] [ BEHAVIOR ] Run cmf\behavior\InitHookBehavior @app_init [ RunTime:0.008372s ]
[ info ] [ LANG ] E:\phpStudy\PHPTutorial\WWW\zhaopin\simplewind\thinkphp\lang\zh-cn.php
[ info ] [ ROUTE ] array (
  'type' => 'module',
  'module' => 
  array (
    0 => '',
    1 => NULL,
    2 => NULL,
  ),
)
[ info ] [ HEADER ] array (
  'cookie' => 'admin_username=admin; thinkphp_show_page_trace=0|0',
  'accept-language' => 'zh-CN,zh;q=0.9,en-US;q=0.8,en;q=0.7',
  'accept-encoding' => 'gzip, deflate',
  'accept' => 'text/html,application/xhtml+xml,application/xml;q=0.9,image/webp,image/apng,*/*;q=0.8,application/signed-exchange;v=b3;q=0.9',
  'user-agent' => 'Mozilla/5.0 (Windows NT 10.0; Win64; x64) AppleWebKit/537.36 (KHTML, like Gecko) Chrome/79.0.3945.88 Safari/537.36',
  'upgrade-insecure-requests' => '1',
  'cache-control' => 'max-age=0',
  'connection' => 'close',
  'host' => 'www.zhaopin.com:8080',
)
[ info ] [ PARAM ] array (
)
[ info ] [ LANG ] E:\phpStudy\PHPTutorial\WWW\zhaopin\public/../simplewind/cmf/lang\zh-cn.php
[ info ] [ LANG ] E:\phpStudy\PHPTutorial\WWW\zhaopin\public/../app/admin\lang\zh-cn\common.php
[ info ] [ LANG ] E:\phpStudy\PHPTutorial\WWW\zhaopin\public/../app/portal\lang\zh-cn\common.php
[ info ] [ BEHAVIOR ] Run cmf\behavior\LangBehavior @app_begin [ RunTime:0.006906s ]
[ info ] [ LANG ] E:\phpStudy\PHPTutorial\WWW\zhaopin\public/../app/portal\lang\zh-cn.php
[ info ] [ LANG ] E:\phpStudy\PHPTutorial\WWW\zhaopin\public/../app/portal\lang\zh-cn\home.php
[ info ] [ BEHAVIOR ] Run cmf\behavior\HomeLangBehavior @home_init [ RunTime:0.002855s ]
[ info ] [ RUN ] app\portal\controller\IndexController->index[ E:\phpStudy\PHPTutorial\WWW\zhaopin\app\portal\controller\IndexController.php ]
[ info ] [ DB ] INIT mysql
[ info ] [ LOG ] INIT File
[ sql ] [ DB ] CONNECT:[ UseTime:0.030232s ] mysql:host=47.92.238.166;port=3306;dbname=zhaopin;charset=utf8mb4
[ error ] [10501]SQLSTATE[42S02]: Base table or view not found: 1146 Table 'zhaopin.ld_product' doesn't exist[E:\phpStudy\PHPTutorial\WWW\zhaopin\simplewind\thinkphp\library\think\db\Connection.php:390]
---------------------------------------------------------------
[ 2020-09-05T09:30:56+08:00 ] 127.0.0.1 GET /
[ info ] www.zhaopin.com:8080/ [运行时间：0.223402s][吞吐率：4.48req/s] [内存消耗：2,705.91kb] [文件加载：79]
[ info ] [ CACHE ] INIT File
[ info ] [ BEHAVIOR ] Run cmf\behavior\InitHookBehavior @app_init [ RunTime:0.007497s ]
[ info ] [ LANG ] E:\phpStudy\PHPTutorial\WWW\zhaopin\simplewind\thinkphp\lang\zh-cn.php
[ info ] [ ROUTE ] array (
  'type' => 'module',
  'module' => 
  array (
    0 => '',
    1 => NULL,
    2 => NULL,
  ),
)
[ info ] [ HEADER ] array (
  'cookie' => 'admin_username=admin; thinkphp_show_page_trace=0|0',
  'accept-language' => 'zh-CN,zh;q=0.9,en-US;q=0.8,en;q=0.7',
  'accept-encoding' => 'gzip, deflate',
  'accept' => 'text/html,application/xhtml+xml,application/xml;q=0.9,image/webp,image/apng,*/*;q=0.8,application/signed-exchange;v=b3;q=0.9',
  'user-agent' => 'Mozilla/5.0 (Windows NT 10.0; Win64; x64) AppleWebKit/537.36 (KHTML, like Gecko) Chrome/79.0.3945.88 Safari/537.36',
  'upgrade-insecure-requests' => '1',
  'cache-control' => 'max-age=0',
  'connection' => 'close',
  'host' => 'www.zhaopin.com:8080',
)
[ info ] [ PARAM ] array (
)
[ info ] [ LANG ] E:\phpStudy\PHPTutorial\WWW\zhaopin\public/../simplewind/cmf/lang\zh-cn.php
[ info ] [ LANG ] E:\phpStudy\PHPTutorial\WWW\zhaopin\public/../app/admin\lang\zh-cn\common.php
[ info ] [ LANG ] E:\phpStudy\PHPTutorial\WWW\zhaopin\public/../app/portal\lang\zh-cn\common.php
[ info ] [ BEHAVIOR ] Run cmf\behavior\LangBehavior @app_begin [ RunTime:0.007163s ]
[ info ] [ LANG ] E:\phpStudy\PHPTutorial\WWW\zhaopin\public/../app/portal\lang\zh-cn.php
[ info ] [ LANG ] E:\phpStudy\PHPTutorial\WWW\zhaopin\public/../app/portal\lang\zh-cn\home.php
[ info ] [ BEHAVIOR ] Run cmf\behavior\HomeLangBehavior @home_init [ RunTime:0.003257s ]
[ info ] [ RUN ] app\portal\controller\IndexController->index[ E:\phpStudy\PHPTutorial\WWW\zhaopin\app\portal\controller\IndexController.php ]
[ info ] [ DB ] INIT mysql
[ info ] [ LOG ] INIT File
[ sql ] [ DB ] CONNECT:[ UseTime:0.040249s ] mysql:host=47.92.238.166;port=3306;dbname=zhaopin;charset=utf8mb4
[ error ] [10501]SQLSTATE[42S02]: Base table or view not found: 1146 Table 'zhaopin.ld_product' doesn't exist[E:\phpStudy\PHPTutorial\WWW\zhaopin\simplewind\thinkphp\library\think\db\Connection.php:390]
---------------------------------------------------------------
[ 2020-09-05T09:30:57+08:00 ] 127.0.0.1 GET /
[ info ] www.zhaopin.com:8080/ [运行时间：0.225922s][吞吐率：4.43req/s] [内存消耗：2,705.91kb] [文件加载：79]
[ info ] [ CACHE ] INIT File
[ info ] [ BEHAVIOR ] Run cmf\behavior\InitHookBehavior @app_init [ RunTime:0.006198s ]
[ info ] [ LANG ] E:\phpStudy\PHPTutorial\WWW\zhaopin\simplewind\thinkphp\lang\zh-cn.php
[ info ] [ ROUTE ] array (
  'type' => 'module',
  'module' => 
  array (
    0 => '',
    1 => NULL,
    2 => NULL,
  ),
)
[ info ] [ HEADER ] array (
  'cookie' => 'admin_username=admin; thinkphp_show_page_trace=0|0',
  'accept-language' => 'zh-CN,zh;q=0.9,en-US;q=0.8,en;q=0.7',
  'accept-encoding' => 'gzip, deflate',
  'accept' => 'text/html,application/xhtml+xml,application/xml;q=0.9,image/webp,image/apng,*/*;q=0.8,application/signed-exchange;v=b3;q=0.9',
  'user-agent' => 'Mozilla/5.0 (Windows NT 10.0; Win64; x64) AppleWebKit/537.36 (KHTML, like Gecko) Chrome/79.0.3945.88 Safari/537.36',
  'upgrade-insecure-requests' => '1',
  'cache-control' => 'max-age=0',
  'connection' => 'close',
  'host' => 'www.zhaopin.com:8080',
)
[ info ] [ PARAM ] array (
)
[ info ] [ LANG ] E:\phpStudy\PHPTutorial\WWW\zhaopin\public/../simplewind/cmf/lang\zh-cn.php
[ info ] [ LANG ] E:\phpStudy\PHPTutorial\WWW\zhaopin\public/../app/admin\lang\zh-cn\common.php
[ info ] [ LANG ] E:\phpStudy\PHPTutorial\WWW\zhaopin\public/../app/portal\lang\zh-cn\common.php
[ info ] [ BEHAVIOR ] Run cmf\behavior\LangBehavior @app_begin [ RunTime:0.005786s ]
[ info ] [ LANG ] E:\phpStudy\PHPTutorial\WWW\zhaopin\public/../app/portal\lang\zh-cn.php
[ info ] [ LANG ] E:\phpStudy\PHPTutorial\WWW\zhaopin\public/../app/portal\lang\zh-cn\home.php
[ info ] [ BEHAVIOR ] Run cmf\behavior\HomeLangBehavior @home_init [ RunTime:0.003605s ]
[ info ] [ RUN ] app\portal\controller\IndexController->index[ E:\phpStudy\PHPTutorial\WWW\zhaopin\app\portal\controller\IndexController.php ]
[ info ] [ DB ] INIT mysql
[ info ] [ LOG ] INIT File
[ sql ] [ DB ] CONNECT:[ UseTime:0.051927s ] mysql:host=47.92.238.166;port=3306;dbname=zhaopin;charset=utf8mb4
[ error ] [10501]SQLSTATE[42S02]: Base table or view not found: 1146 Table 'zhaopin.ld_product' doesn't exist[E:\phpStudy\PHPTutorial\WWW\zhaopin\simplewind\thinkphp\library\think\db\Connection.php:390]
---------------------------------------------------------------
[ 2020-09-05T09:30:58+08:00 ] 127.0.0.1 GET /
[ info ] www.zhaopin.com:8080/ [运行时间：0.185117s][吞吐率：5.40req/s] [内存消耗：2,705.91kb] [文件加载：79]
[ info ] [ CACHE ] INIT File
[ info ] [ BEHAVIOR ] Run cmf\behavior\InitHookBehavior @app_init [ RunTime:0.009223s ]
[ info ] [ LANG ] E:\phpStudy\PHPTutorial\WWW\zhaopin\simplewind\thinkphp\lang\zh-cn.php
[ info ] [ ROUTE ] array (
  'type' => 'module',
  'module' => 
  array (
    0 => '',
    1 => NULL,
    2 => NULL,
  ),
)
[ info ] [ HEADER ] array (
  'cookie' => 'admin_username=admin; thinkphp_show_page_trace=0|0',
  'accept-language' => 'zh-CN,zh;q=0.9,en-US;q=0.8,en;q=0.7',
  'accept-encoding' => 'gzip, deflate',
  'accept' => 'text/html,application/xhtml+xml,application/xml;q=0.9,image/webp,image/apng,*/*;q=0.8,application/signed-exchange;v=b3;q=0.9',
  'user-agent' => 'Mozilla/5.0 (Windows NT 10.0; Win64; x64) AppleWebKit/537.36 (KHTML, like Gecko) Chrome/79.0.3945.88 Safari/537.36',
  'upgrade-insecure-requests' => '1',
  'cache-control' => 'max-age=0',
  'connection' => 'close',
  'host' => 'www.zhaopin.com:8080',
)
[ info ] [ PARAM ] array (
)
[ info ] [ LANG ] E:\phpStudy\PHPTutorial\WWW\zhaopin\public/../simplewind/cmf/lang\zh-cn.php
[ info ] [ LANG ] E:\phpStudy\PHPTutorial\WWW\zhaopin\public/../app/admin\lang\zh-cn\common.php
[ info ] [ LANG ] E:\phpStudy\PHPTutorial\WWW\zhaopin\public/../app/portal\lang\zh-cn\common.php
[ info ] [ BEHAVIOR ] Run cmf\behavior\LangBehavior @app_begin [ RunTime:0.007794s ]
[ info ] [ LANG ] E:\phpStudy\PHPTutorial\WWW\zhaopin\public/../app/portal\lang\zh-cn.php
[ info ] [ LANG ] E:\phpStudy\PHPTutorial\WWW\zhaopin\public/../app/portal\lang\zh-cn\home.php
[ info ] [ BEHAVIOR ] Run cmf\behavior\HomeLangBehavior @home_init [ RunTime:0.002653s ]
[ info ] [ RUN ] app\portal\controller\IndexController->index[ E:\phpStudy\PHPTutorial\WWW\zhaopin\app\portal\controller\IndexController.php ]
[ info ] [ DB ] INIT mysql
[ info ] [ LOG ] INIT File
[ sql ] [ DB ] CONNECT:[ UseTime:0.029755s ] mysql:host=47.92.238.166;port=3306;dbname=zhaopin;charset=utf8mb4
[ error ] [10501]SQLSTATE[42S02]: Base table or view not found: 1146 Table 'zhaopin.ld_product' doesn't exist[E:\phpStudy\PHPTutorial\WWW\zhaopin\simplewind\thinkphp\library\think\db\Connection.php:390]
---------------------------------------------------------------
[ 2020-09-05T09:31:23+08:00 ] 127.0.0.1 GET /
[ info ] www.zhaopin.com:8080/ [运行时间：0.203963s][吞吐率：4.90req/s] [内存消耗：2,705.91kb] [文件加载：79]
[ info ] [ CACHE ] INIT File
[ info ] [ BEHAVIOR ] Run cmf\behavior\InitHookBehavior @app_init [ RunTime:0.005994s ]
[ info ] [ LANG ] E:\phpStudy\PHPTutorial\WWW\zhaopin\simplewind\thinkphp\lang\zh-cn.php
[ info ] [ ROUTE ] array (
  'type' => 'module',
  'module' => 
  array (
    0 => '',
    1 => NULL,
    2 => NULL,
  ),
)
[ info ] [ HEADER ] array (
  'cookie' => 'admin_username=admin; thinkphp_show_page_trace=0|0',
  'accept-language' => 'zh-CN,zh;q=0.9,en-US;q=0.8,en;q=0.7',
  'accept-encoding' => 'gzip, deflate',
  'accept' => 'text/html,application/xhtml+xml,application/xml;q=0.9,image/webp,image/apng,*/*;q=0.8,application/signed-exchange;v=b3;q=0.9',
  'user-agent' => 'Mozilla/5.0 (Windows NT 10.0; Win64; x64) AppleWebKit/537.36 (KHTML, like Gecko) Chrome/79.0.3945.88 Safari/537.36',
  'upgrade-insecure-requests' => '1',
  'cache-control' => 'max-age=0',
  'connection' => 'close',
  'host' => 'www.zhaopin.com:8080',
)
[ info ] [ PARAM ] array (
)
[ info ] [ LANG ] E:\phpStudy\PHPTutorial\WWW\zhaopin\public/../simplewind/cmf/lang\zh-cn.php
[ info ] [ LANG ] E:\phpStudy\PHPTutorial\WWW\zhaopin\public/../app/admin\lang\zh-cn\common.php
[ info ] [ LANG ] E:\phpStudy\PHPTutorial\WWW\zhaopin\public/../app/portal\lang\zh-cn\common.php
[ info ] [ BEHAVIOR ] Run cmf\behavior\LangBehavior @app_begin [ RunTime:0.005946s ]
[ info ] [ LANG ] E:\phpStudy\PHPTutorial\WWW\zhaopin\public/../app/portal\lang\zh-cn.php
[ info ] [ LANG ] E:\phpStudy\PHPTutorial\WWW\zhaopin\public/../app/portal\lang\zh-cn\home.php
[ info ] [ BEHAVIOR ] Run cmf\behavior\HomeLangBehavior @home_init [ RunTime:0.003082s ]
[ info ] [ RUN ] app\portal\controller\IndexController->index[ E:\phpStudy\PHPTutorial\WWW\zhaopin\app\portal\controller\IndexController.php ]
[ info ] [ DB ] INIT mysql
[ info ] [ LOG ] INIT File
[ sql ] [ DB ] CONNECT:[ UseTime:0.044656s ] mysql:host=47.92.238.166;port=3306;dbname=zhaopin;charset=utf8mb4
[ error ] [10501]SQLSTATE[42S02]: Base table or view not found: 1146 Table 'zhaopin.ld_product' doesn't exist[E:\phpStudy\PHPTutorial\WWW\zhaopin\simplewind\thinkphp\library\think\db\Connection.php:390]
---------------------------------------------------------------
[ 2020-09-05T09:31:24+08:00 ] 127.0.0.1 GET /
[ info ] www.zhaopin.com:8080/ [运行时间：0.167698s][吞吐率：5.96req/s] [内存消耗：2,705.91kb] [文件加载：79]
[ info ] [ CACHE ] INIT File
[ info ] [ BEHAVIOR ] Run cmf\behavior\InitHookBehavior @app_init [ RunTime:0.005103s ]
[ info ] [ LANG ] E:\phpStudy\PHPTutorial\WWW\zhaopin\simplewind\thinkphp\lang\zh-cn.php
[ info ] [ ROUTE ] array (
  'type' => 'module',
  'module' => 
  array (
    0 => '',
    1 => NULL,
    2 => NULL,
  ),
)
[ info ] [ HEADER ] array (
  'cookie' => 'admin_username=admin; thinkphp_show_page_trace=0|0',
  'accept-language' => 'zh-CN,zh;q=0.9,en-US;q=0.8,en;q=0.7',
  'accept-encoding' => 'gzip, deflate',
  'accept' => 'text/html,application/xhtml+xml,application/xml;q=0.9,image/webp,image/apng,*/*;q=0.8,application/signed-exchange;v=b3;q=0.9',
  'user-agent' => 'Mozilla/5.0 (Windows NT 10.0; Win64; x64) AppleWebKit/537.36 (KHTML, like Gecko) Chrome/79.0.3945.88 Safari/537.36',
  'upgrade-insecure-requests' => '1',
  'cache-control' => 'max-age=0',
  'connection' => 'close',
  'host' => 'www.zhaopin.com:8080',
)
[ info ] [ PARAM ] array (
)
[ info ] [ LANG ] E:\phpStudy\PHPTutorial\WWW\zhaopin\public/../simplewind/cmf/lang\zh-cn.php
[ info ] [ LANG ] E:\phpStudy\PHPTutorial\WWW\zhaopin\public/../app/admin\lang\zh-cn\common.php
[ info ] [ LANG ] E:\phpStudy\PHPTutorial\WWW\zhaopin\public/../app/portal\lang\zh-cn\common.php
[ info ] [ BEHAVIOR ] Run cmf\behavior\LangBehavior @app_begin [ RunTime:0.004842s ]
[ info ] [ LANG ] E:\phpStudy\PHPTutorial\WWW\zhaopin\public/../app/portal\lang\zh-cn.php
[ info ] [ LANG ] E:\phpStudy\PHPTutorial\WWW\zhaopin\public/../app/portal\lang\zh-cn\home.php
[ info ] [ BEHAVIOR ] Run cmf\behavior\HomeLangBehavior @home_init [ RunTime:0.002500s ]
[ info ] [ RUN ] app\portal\controller\IndexController->index[ E:\phpStudy\PHPTutorial\WWW\zhaopin\app\portal\controller\IndexController.php ]
[ info ] [ DB ] INIT mysql
[ info ] [ LOG ] INIT File
[ sql ] [ DB ] CONNECT:[ UseTime:0.031916s ] mysql:host=47.92.238.166;port=3306;dbname=zhaopin;charset=utf8mb4
[ error ] [10501]SQLSTATE[42S02]: Base table or view not found: 1146 Table 'zhaopin.ld_product' doesn't exist[E:\phpStudy\PHPTutorial\WWW\zhaopin\simplewind\thinkphp\library\think\db\Connection.php:390]
---------------------------------------------------------------
[ 2020-09-05T09:32:20+08:00 ] 127.0.0.1 GET /
[ info ] www.zhaopin.com:8080/ [运行时间：0.195538s][吞吐率：5.11req/s] [内存消耗：2,705.91kb] [文件加载：79]
[ info ] [ CACHE ] INIT File
[ info ] [ BEHAVIOR ] Run cmf\behavior\InitHookBehavior @app_init [ RunTime:0.012827s ]
[ info ] [ LANG ] E:\phpStudy\PHPTutorial\WWW\zhaopin\simplewind\thinkphp\lang\zh-cn.php
[ info ] [ ROUTE ] array (
  'type' => 'module',
  'module' => 
  array (
    0 => '',
    1 => NULL,
    2 => NULL,
  ),
)
[ info ] [ HEADER ] array (
  'cookie' => 'admin_username=admin; thinkphp_show_page_trace=0|0',
  'accept-language' => 'zh-CN,zh;q=0.9,en-US;q=0.8,en;q=0.7',
  'accept-encoding' => 'gzip, deflate',
  'accept' => 'text/html,application/xhtml+xml,application/xml;q=0.9,image/webp,image/apng,*/*;q=0.8,application/signed-exchange;v=b3;q=0.9',
  'user-agent' => 'Mozilla/5.0 (Windows NT 10.0; Win64; x64) AppleWebKit/537.36 (KHTML, like Gecko) Chrome/79.0.3945.88 Safari/537.36',
  'upgrade-insecure-requests' => '1',
  'cache-control' => 'max-age=0',
  'connection' => 'close',
  'host' => 'www.zhaopin.com:8080',
)
[ info ] [ PARAM ] array (
)
[ info ] [ LANG ] E:\phpStudy\PHPTutorial\WWW\zhaopin\public/../simplewind/cmf/lang\zh-cn.php
[ info ] [ LANG ] E:\phpStudy\PHPTutorial\WWW\zhaopin\public/../app/admin\lang\zh-cn\common.php
[ info ] [ LANG ] E:\phpStudy\PHPTutorial\WWW\zhaopin\public/../app/portal\lang\zh-cn\common.php
[ info ] [ BEHAVIOR ] Run cmf\behavior\LangBehavior @app_begin [ RunTime:0.006640s ]
[ info ] [ LANG ] E:\phpStudy\PHPTutorial\WWW\zhaopin\public/../app/portal\lang\zh-cn.php
[ info ] [ LANG ] E:\phpStudy\PHPTutorial\WWW\zhaopin\public/../app/portal\lang\zh-cn\home.php
[ info ] [ BEHAVIOR ] Run cmf\behavior\HomeLangBehavior @home_init [ RunTime:0.003422s ]
[ info ] [ RUN ] app\portal\controller\IndexController->index[ E:\phpStudy\PHPTutorial\WWW\zhaopin\app\portal\controller\IndexController.php ]
[ info ] [ DB ] INIT mysql
[ info ] [ LOG ] INIT File
[ sql ] [ DB ] CONNECT:[ UseTime:0.031570s ] mysql:host=47.92.238.166;port=3306;dbname=zhaopin;charset=utf8mb4
[ error ] [10501]SQLSTATE[42S02]: Base table or view not found: 1146 Table 'zhaopin.ld_product' doesn't exist[E:\phpStudy\PHPTutorial\WWW\zhaopin\simplewind\thinkphp\library\think\db\Connection.php:390]
---------------------------------------------------------------
[ 2020-09-05T09:33:22+08:00 ] 127.0.0.1 GET /
[ info ] www.zhaopin.com:8080/ [运行时间：0.236693s][吞吐率：4.22req/s] [内存消耗：2,710.40kb] [文件加载：79]
[ info ] [ CACHE ] INIT File
[ info ] [ BEHAVIOR ] Run cmf\behavior\InitHookBehavior @app_init [ RunTime:0.006763s ]
[ info ] [ LANG ] E:\phpStudy\PHPTutorial\WWW\zhaopin\simplewind\thinkphp\lang\zh-cn.php
[ info ] [ ROUTE ] array (
  'type' => 'module',
  'module' => 
  array (
    0 => '',
    1 => NULL,
    2 => NULL,
  ),
)
[ info ] [ HEADER ] array (
  'cookie' => 'admin_username=admin; thinkphp_show_page_trace=0|0',
  'accept-language' => 'zh-CN,zh;q=0.9,en-US;q=0.8,en;q=0.7',
  'accept-encoding' => 'gzip, deflate',
  'accept' => 'text/html,application/xhtml+xml,application/xml;q=0.9,image/webp,image/apng,*/*;q=0.8,application/signed-exchange;v=b3;q=0.9',
  'user-agent' => 'Mozilla/5.0 (Windows NT 10.0; Win64; x64) AppleWebKit/537.36 (KHTML, like Gecko) Chrome/79.0.3945.88 Safari/537.36',
  'upgrade-insecure-requests' => '1',
  'cache-control' => 'max-age=0',
  'connection' => 'close',
  'host' => 'www.zhaopin.com:8080',
)
[ info ] [ PARAM ] array (
)
[ info ] [ LANG ] E:\phpStudy\PHPTutorial\WWW\zhaopin\public/../simplewind/cmf/lang\zh-cn.php
[ info ] [ LANG ] E:\phpStudy\PHPTutorial\WWW\zhaopin\public/../app/admin\lang\zh-cn\common.php
[ info ] [ LANG ] E:\phpStudy\PHPTutorial\WWW\zhaopin\public/../app/portal\lang\zh-cn\common.php
[ info ] [ BEHAVIOR ] Run cmf\behavior\LangBehavior @app_begin [ RunTime:0.003879s ]
[ info ] [ LANG ] E:\phpStudy\PHPTutorial\WWW\zhaopin\public/../app/portal\lang\zh-cn.php
[ info ] [ LANG ] E:\phpStudy\PHPTutorial\WWW\zhaopin\public/../app/portal\lang\zh-cn\home.php
[ info ] [ BEHAVIOR ] Run cmf\behavior\HomeLangBehavior @home_init [ RunTime:0.002447s ]
[ info ] [ RUN ] app\portal\controller\IndexController->index[ E:\phpStudy\PHPTutorial\WWW\zhaopin\app\portal\controller\IndexController.php ]
[ info ] [ DB ] INIT mysql
[ info ] [ LOG ] INIT File
[ sql ] [ DB ] CONNECT:[ UseTime:0.045020s ] mysql:host=47.92.238.166;port=3306;dbname=zhaopin;charset=utf8mb4
[ sql ] [ SQL ] SHOW COLUMNS FROM `ld_product` [ RunTime:0.020198s ]
[ sql ] [ SQL ] SELECT * FROM `ld_product` ORDER BY `list_order` DESC,`creatime` DESC [ RunTime:0.019538s ]
[ error ] [10501]SQLSTATE[42S02]: Base table or view not found: 1146 Table 'zhaopin.ld_price' doesn't exist[E:\phpStudy\PHPTutorial\WWW\zhaopin\simplewind\thinkphp\library\think\db\Connection.php:390]
---------------------------------------------------------------
[ 2020-09-05T09:33:47+08:00 ] 127.0.0.1 GET /
[ info ] www.zhaopin.com:8080/ [运行时间：1.181200s][吞吐率：0.85req/s] [内存消耗：3,524.23kb] [文件加载：88]
[ info ] [ CACHE ] INIT File
[ info ] [ BEHAVIOR ] Run cmf\behavior\InitHookBehavior @app_init [ RunTime:0.006688s ]
[ info ] [ LANG ] E:\phpStudy\PHPTutorial\WWW\zhaopin\simplewind\thinkphp\lang\zh-cn.php
[ info ] [ ROUTE ] array (
  'type' => 'module',
  'module' => 
  array (
    0 => '',
    1 => NULL,
    2 => NULL,
  ),
)
[ info ] [ HEADER ] array (
  'cookie' => 'admin_username=admin; thinkphp_show_page_trace=0|0',
  'accept-language' => 'zh-CN,zh;q=0.9,en-US;q=0.8,en;q=0.7',
  'accept-encoding' => 'gzip, deflate',
  'accept' => 'text/html,application/xhtml+xml,application/xml;q=0.9,image/webp,image/apng,*/*;q=0.8,application/signed-exchange;v=b3;q=0.9',
  'user-agent' => 'Mozilla/5.0 (Windows NT 10.0; Win64; x64) AppleWebKit/537.36 (KHTML, like Gecko) Chrome/79.0.3945.88 Safari/537.36',
  'upgrade-insecure-requests' => '1',
  'cache-control' => 'max-age=0',
  'connection' => 'close',
  'host' => 'www.zhaopin.com:8080',
)
[ info ] [ PARAM ] array (
)
[ info ] [ LANG ] E:\phpStudy\PHPTutorial\WWW\zhaopin\public/../simplewind/cmf/lang\zh-cn.php
[ info ] [ LANG ] E:\phpStudy\PHPTutorial\WWW\zhaopin\public/../app/admin\lang\zh-cn\common.php
[ info ] [ LANG ] E:\phpStudy\PHPTutorial\WWW\zhaopin\public/../app/portal\lang\zh-cn\common.php
[ info ] [ BEHAVIOR ] Run cmf\behavior\LangBehavior @app_begin [ RunTime:0.005225s ]
[ info ] [ LANG ] E:\phpStudy\PHPTutorial\WWW\zhaopin\public/../app/portal\lang\zh-cn.php
[ info ] [ LANG ] E:\phpStudy\PHPTutorial\WWW\zhaopin\public/../app/portal\lang\zh-cn\home.php
[ info ] [ BEHAVIOR ] Run cmf\behavior\HomeLangBehavior @home_init [ RunTime:0.002437s ]
[ info ] [ RUN ] app\portal\controller\IndexController->index[ E:\phpStudy\PHPTutorial\WWW\zhaopin\app\portal\controller\IndexController.php ]
[ info ] [ DB ] INIT mysql
[ info ] [ VIEW ] themes/index/portal\\index.html [ array (
  0 => 'site_info',
  1 => 'product',
  2 => 'price',
  3 => 'theme_vars',
  4 => 'theme_widgets',
) ]
[ info ] [ LOG ] INIT File
[ sql ] [ DB ] CONNECT:[ UseTime:0.032178s ] mysql:host=47.92.238.166;port=3306;dbname=zhaopin;charset=utf8mb4
[ sql ] [ SQL ] SHOW COLUMNS FROM `ld_product` [ RunTime:0.019320s ]
[ sql ] [ SQL ] SELECT * FROM `ld_product` ORDER BY `list_order` DESC,`creatime` DESC [ RunTime:0.018790s ]
[ sql ] [ SQL ] SHOW COLUMNS FROM `ld_price` [ RunTime:0.019128s ]
[ sql ] [ SQL ] SELECT * FROM `ld_price` ORDER BY `list_order` DESC,`creatime` DESC [ RunTime:0.019292s ]
[ sql ] [ SQL ] SHOW COLUMNS FROM `ld_theme_file` [ RunTime:0.019666s ]
[ sql ] [ SQL ] SELECT * FROM `ld_theme_file` WHERE  `theme` = 'index'  AND `file` = 'portal/article' LIMIT 1 [ RunTime:0.018714s ]
[ sql ] [ SQL ] UPDATE `ld_theme_file`  SET `theme`='index',`action`='portal/Article/index',`file`='portal/article',`name`='新闻文章页',`more`='[]',`config_more`='[]',`description`='文章页模板文件',`is_public`=0,`list_order`=10  WHERE  `theme` = 'index'  AND `file` = 'portal/article' [ RunTime:0.029374s ]
[ sql ] [ SQL ] SELECT * FROM `ld_theme_file` WHERE  `theme` = 'index'  AND `file` = 'portal/article_sale' LIMIT 1 [ RunTime:0.019200s ]
[ sql ] [ SQL ] UPDATE `ld_theme_file`  SET `theme`='index',`action`='portal/Article/index',`file`='portal/article_sale',`name`='产品展示页',`more`='[]',`config_more`='[]',`description`='产品展示模板文件',`is_public`=0,`list_order`=10  WHERE  `theme` = 'index'  AND `file` = 'portal/article_sale' [ RunTime:0.233781s ]
[ sql ] [ SQL ] SELECT * FROM `ld_theme_file` WHERE  `theme` = 'index'  AND `file` = 'portal/list' LIMIT 1 [ RunTime:0.018290s ]
[ sql ] [ SQL ] UPDATE `ld_theme_file`  SET `theme`='index',`action`='portal/List/index',`file`='portal/list',`name`='新闻列表页',`more`='{\"vars\":[],\"widgets\":[]}',`config_more`='{\"vars\":[],\"widgets\":[]}',`description`='新闻列表模板文件',`is_public`=0,`list_order`=10  WHERE  `theme` = 'index'  AND `file` = 'portal/list' [ RunTime:0.022721s ]
[ sql ] [ SQL ] SELECT * FROM `ld_theme_file` WHERE  `theme` = 'index'  AND `file` = 'portal/list_about' LIMIT 1 [ RunTime:0.018564s ]
[ sql ] [ SQL ] UPDATE `ld_theme_file`  SET `theme`='index',`action`='portal/List/index',`file`='portal/list_about',`name`='关于我们页',`more`='{\"vars\":[],\"widgets\":[]}',`config_more`='{\"vars\":[],\"widgets\":[]}',`description`='关于我们模板文件',`is_public`=0,`list_order`=10  WHERE  `theme` = 'index'  AND `file` = 'portal/list_about' [ RunTime:0.023496s ]
[ sql ] [ SQL ] SELECT * FROM `ld_theme_file` WHERE  `theme` = 'index'  AND `file` = 'portal/list_contact' LIMIT 1 [ RunTime:0.018628s ]
[ sql ] [ SQL ] UPDATE `ld_theme_file`  SET `theme`='index',`action`='portal/List/index',`file`='portal/list_contact',`name`='联系我们页',`more`='{\"vars\":[],\"widgets\":[]}',`config_more`='{\"vars\":[],\"widgets\":[]}',`description`='联系我们模板文件',`is_public`=0,`list_order`=10  WHERE  `theme` = 'index'  AND `file` = 'portal/list_contact' [ RunTime:0.023635s ]
[ sql ] [ SQL ] SELECT * FROM `ld_theme_file` WHERE  `theme` = 'index'  AND `file` = 'portal/list_hezuo' LIMIT 1 [ RunTime:0.018627s ]
[ sql ] [ SQL ] UPDATE `ld_theme_file`  SET `theme`='index',`action`='portal/List/index',`file`='portal/list_hezuo',`name`='合作伙伴页',`more`='{\"vars\":[],\"widgets\":[]}',`config_more`='{\"vars\":[],\"widgets\":[]}',`description`='合作伙伴模板文件',`is_public`=0,`list_order`=10  WHERE  `theme` = 'index'  AND `file` = 'portal/list_hezuo' [ RunTime:0.024705s ]
[ sql ] [ SQL ] SELECT * FROM `ld_theme_file` WHERE  `theme` = 'index'  AND `file` = 'portal/list_join' LIMIT 1 [ RunTime:0.018564s ]
[ sql ] [ SQL ] UPDATE `ld_theme_file`  SET `theme`='index',`action`='portal/List/index',`file`='portal/list_join',`name`='加入我们页',`more`='{\"vars\":[],\"widgets\":[]}',`config_more`='{\"vars\":[],\"widgets\":[]}',`description`='加入我们模板文件',`is_public`=0,`list_order`=10  WHERE  `theme` = 'index'  AND `file` = 'portal/list_join' [ RunTime:0.023444s ]
[ sql ] [ SQL ] SELECT * FROM `ld_theme_file` WHERE  `theme` = 'index'  AND `file` = 'portal/list_museum' LIMIT 1 [ RunTime:0.027014s ]
[ sql ] [ SQL ] UPDATE `ld_theme_file`  SET `theme`='index',`action`='portal/List/index',`file`='portal/list_museum',`name`='服务与支持页',`more`='{\"vars\":[],\"widgets\":[]}',`config_more`='{\"vars\":[],\"widgets\":[]}',`description`='服务与支持模板文件',`is_public`=0,`list_order`=10  WHERE  `theme` = 'index'  AND `file` = 'portal/list_museum' [ RunTime:0.024269s ]
[ sql ] [ SQL ] SELECT * FROM `ld_theme_file` WHERE  `theme` = 'index'  AND `file` = 'portal/list_product' LIMIT 1 [ RunTime:0.018656s ]
[ sql ] [ SQL ] UPDATE `ld_theme_file`  SET `theme`='index',`action`='portal/List/index',`file`='portal/list_product',`name`='产品展示页',`more`='{\"vars\":[],\"widgets\":[]}',`config_more`='{\"vars\":[],\"widgets\":[]}',`description`='产品展示模板文件',`is_public`=0,`list_order`=10  WHERE  `theme` = 'index'  AND `file` = 'portal/list_product' [ RunTime:0.023125s ]
[ sql ] [ SQL ] SELECT * FROM `ld_theme_file` WHERE  `theme` = 'index'  AND `file` = 'portal/page' LIMIT 1 [ RunTime:0.018838s ]
[ sql ] [ SQL ] UPDATE `ld_theme_file`  SET `theme`='index',`action`='portal/Page/index',`file`='portal/page',`name`='单页',`more`='{\"vars\":[],\"widgets\":[]}',`config_more`='{\"vars\":[],\"widgets\":[]}',`description`='单页模板',`is_public`=0,`list_order`=10  WHERE  `theme` = 'index'  AND `file` = 'portal/page' [ RunTime:0.022825s ]
[ sql ] [ SQL ] SELECT * FROM `ld_theme_file` WHERE  `theme` = 'index' [ RunTime:0.018926s ]
[ sql ] [ SQL ] SHOW COLUMNS FROM `ld_theme` [ RunTime:0.019339s ]
[ sql ] [ SQL ] UPDATE `ld_theme`  SET `name`='ld',`version`='1.0.2',`demo_url`='http://mydear.vip',`author`='龙鼎',`lang`='zh-cn',`author_url`='http://mydear.vip',`keywords`='龙鼎模板',`description`='龙鼎模板'  WHERE  `theme` = 'index' [ RunTime:0.023320s ]
[ sql ] [ SQL ] SELECT `more` FROM `ld_theme_file` WHERE  `theme` = 'index'  AND (  `is_public` = 1 OR `file` = 'portal/index' ) [ RunTime:0.018242s ]
[ sql ] [ SQL ] SHOW COLUMNS FROM `ld_portal_category` [ RunTime:0.018987s ]
[ sql ] [ SQL ] SELECT `parent_id`,`id` FROM `ld_portal_category` WHERE  `id` = 0 LIMIT 1 [ RunTime:0.018527s ]
[ sql ] [ SQL ] SELECT * FROM `ld_portal_category` WHERE  `status` = 1  AND `delete_time` = 0  AND `parent_id` = 0  AND `id` <> 27 ORDER BY `list_order` DESC,`id` ASC [ RunTime:0.018781s ]
[ sql ] [ SQL ] SELECT `parent_id`,`id` FROM `ld_portal_category` WHERE  `id` = 0 LIMIT 1 [ RunTime:0.018341s ]
[ sql ] [ SQL ] SELECT * FROM `ld_portal_category` WHERE  `status` = 1  AND `delete_time` = 0  AND `parent_id` = 0  AND `id` <> 27 ORDER BY `list_order` DESC,`id` ASC [ RunTime:0.018785s ]
