---------------------------------------------------------------
[ 2020-09-07T08:47:09+08:00 ] 127.0.0.1 GET /
[ info ] www.zhaopin.com:8080/ [运行时间：1.092121s][吞吐率：0.92req/s] [内存消耗：3,532.62kb] [文件加载：88]
[ info ] [ CACHE ] INIT File
[ info ] [ BEHAVIOR ] Run cmf\behavior\InitHookBehavior @app_init [ RunTime:0.006375s ]
[ info ] [ LANG ] E:\phpStudy\PHPTutorial\WWW\zhaopin\simplewind\thinkphp\lang\zh-cn.php
[ info ] [ ROUTE ] array (
  'type' => 'module',
  'module' => 
  array (
    0 => '',
    1 => NULL,
    2 => NULL,
  ),
)
[ info ] [ HEADER ] array (
  'cookie' => 'admin_username=admin',
  'accept-language' => 'zh-CN,zh;q=0.9,en-US;q=0.8,en;q=0.7',
  'accept-encoding' => 'gzip, deflate',
  'purpose' => 'prefetch',
  'accept' => 'text/html,application/xhtml+xml,application/xml;q=0.9,image/webp,image/apng,*/*;q=0.8,application/signed-exchange;v=b3;q=0.9',
  'user-agent' => 'Mozilla/5.0 (Windows NT 10.0; Win64; x64) AppleWebKit/537.36 (KHTML, like Gecko) Chrome/79.0.3945.88 Safari/537.36',
  'upgrade-insecure-requests' => '1',
  'connection' => 'close',
  'host' => 'www.zhaopin.com:8080',
)
[ info ] [ PARAM ] array (
)
[ info ] [ LANG ] E:\phpStudy\PHPTutorial\WWW\zhaopin\public/../simplewind/cmf/lang\zh-cn.php
[ info ] [ LANG ] E:\phpStudy\PHPTutorial\WWW\zhaopin\public/../app/admin\lang\zh-cn\common.php
[ info ] [ LANG ] E:\phpStudy\PHPTutorial\WWW\zhaopin\public/../app/portal\lang\zh-cn\common.php
[ info ] [ BEHAVIOR ] Run cmf\behavior\LangBehavior @app_begin [ RunTime:0.004970s ]
[ info ] [ LANG ] E:\phpStudy\PHPTutorial\WWW\zhaopin\public/../app/portal\lang\zh-cn.php
[ info ] [ LANG ] E:\phpStudy\PHPTutorial\WWW\zhaopin\public/../app/portal\lang\zh-cn\home.php
[ info ] [ BEHAVIOR ] Run cmf\behavior\HomeLangBehavior @home_init [ RunTime:0.002614s ]
[ info ] [ RUN ] app\portal\controller\IndexController->index[ E:\phpStudy\PHPTutorial\WWW\zhaopin\app\portal\controller\IndexController.php ]
[ info ] [ DB ] INIT mysql
[ info ] [ VIEW ] themes/index/portal\\index.html [ array (
  0 => 'site_info',
  1 => 'product',
  2 => 'price',
  3 => 'theme_vars',
  4 => 'theme_widgets',
) ]
[ info ] [ LOG ] INIT File
[ sql ] [ DB ] CONNECT:[ UseTime:0.053561s ] mysql:host=47.92.238.166;port=3306;dbname=zhaopin;charset=utf8mb4
[ sql ] [ SQL ] SHOW COLUMNS FROM `ld_product` [ RunTime:0.027066s ]
[ sql ] [ SQL ] SELECT * FROM `ld_product` ORDER BY `list_order` DESC,`creatime` DESC [ RunTime:0.029220s ]
[ sql ] [ SQL ] SHOW COLUMNS FROM `ld_price` [ RunTime:0.024235s ]
[ sql ] [ SQL ] SELECT * FROM `ld_price` ORDER BY `list_order` DESC,`creatime` DESC [ RunTime:0.029049s ]
[ sql ] [ SQL ] SHOW COLUMNS FROM `ld_theme_file` [ RunTime:0.027861s ]
[ sql ] [ SQL ] SELECT * FROM `ld_theme_file` WHERE  `theme` = 'index'  AND `file` = 'portal/article' LIMIT 1 [ RunTime:0.032532s ]
[ sql ] [ SQL ] UPDATE `ld_theme_file`  SET `theme`='index',`action`='portal/Article/index',`file`='portal/article',`name`='新闻文章页',`more`='[]',`config_more`='[]',`description`='文章页模板文件',`is_public`=0,`list_order`=10  WHERE  `theme` = 'index'  AND `file` = 'portal/article' [ RunTime:0.028474s ]
[ sql ] [ SQL ] SELECT * FROM `ld_theme_file` WHERE  `theme` = 'index'  AND `file` = 'portal/article_sale' LIMIT 1 [ RunTime:0.019100s ]
[ sql ] [ SQL ] UPDATE `ld_theme_file`  SET `theme`='index',`action`='portal/Article/index',`file`='portal/article_sale',`name`='产品展示页',`more`='[]',`config_more`='[]',`description`='产品展示模板文件',`is_public`=0,`list_order`=10  WHERE  `theme` = 'index'  AND `file` = 'portal/article_sale' [ RunTime:0.027273s ]
[ sql ] [ SQL ] SELECT * FROM `ld_theme_file` WHERE  `theme` = 'index'  AND `file` = 'portal/list' LIMIT 1 [ RunTime:0.019541s ]
[ sql ] [ SQL ] UPDATE `ld_theme_file`  SET `theme`='index',`action`='portal/List/index',`file`='portal/list',`name`='新闻列表页',`more`='{\"vars\":[],\"widgets\":[]}',`config_more`='{\"vars\":[],\"widgets\":[]}',`description`='新闻列表模板文件',`is_public`=0,`list_order`=10  WHERE  `theme` = 'index'  AND `file` = 'portal/list' [ RunTime:0.030694s ]
[ sql ] [ SQL ] SELECT * FROM `ld_theme_file` WHERE  `theme` = 'index'  AND `file` = 'portal/list_about' LIMIT 1 [ RunTime:0.019541s ]
[ sql ] [ SQL ] UPDATE `ld_theme_file`  SET `theme`='index',`action`='portal/List/index',`file`='portal/list_about',`name`='关于我们页',`more`='{\"vars\":[],\"widgets\":[]}',`config_more`='{\"vars\":[],\"widgets\":[]}',`description`='关于我们模板文件',`is_public`=0,`list_order`=10  WHERE  `theme` = 'index'  AND `file` = 'portal/list_about' [ RunTime:0.024689s ]
[ sql ] [ SQL ] SELECT * FROM `ld_theme_file` WHERE  `theme` = 'index'  AND `file` = 'portal/list_contact' LIMIT 1 [ RunTime:0.019625s ]
[ sql ] [ SQL ] UPDATE `ld_theme_file`  SET `theme`='index',`action`='portal/List/index',`file`='portal/list_contact',`name`='联系我们页',`more`='{\"vars\":[],\"widgets\":[]}',`config_more`='{\"vars\":[],\"widgets\":[]}',`description`='联系我们模板文件',`is_public`=0,`list_order`=10  WHERE  `theme` = 'index'  AND `file` = 'portal/list_contact' [ RunTime:0.024685s ]
[ sql ] [ SQL ] SELECT * FROM `ld_theme_file` WHERE  `theme` = 'index'  AND `file` = 'portal/list_hezuo' LIMIT 1 [ RunTime:0.019703s ]
[ sql ] [ SQL ] UPDATE `ld_theme_file`  SET `theme`='index',`action`='portal/List/index',`file`='portal/list_hezuo',`name`='合作伙伴页',`more`='{\"vars\":[],\"widgets\":[]}',`config_more`='{\"vars\":[],\"widgets\":[]}',`description`='合作伙伴模板文件',`is_public`=0,`list_order`=10  WHERE  `theme` = 'index'  AND `file` = 'portal/list_hezuo' [ RunTime:0.024829s ]
[ sql ] [ SQL ] SELECT * FROM `ld_theme_file` WHERE  `theme` = 'index'  AND `file` = 'portal/list_join' LIMIT 1 [ RunTime:0.019823s ]
[ sql ] [ SQL ] UPDATE `ld_theme_file`  SET `theme`='index',`action`='portal/List/index',`file`='portal/list_join',`name`='加入我们页',`more`='{\"vars\":[],\"widgets\":[]}',`config_more`='{\"vars\":[],\"widgets\":[]}',`description`='加入我们模板文件',`is_public`=0,`list_order`=10  WHERE  `theme` = 'index'  AND `file` = 'portal/list_join' [ RunTime:0.024968s ]
[ sql ] [ SQL ] SELECT * FROM `ld_theme_file` WHERE  `theme` = 'index'  AND `file` = 'portal/list_museum' LIMIT 1 [ RunTime:0.019830s ]
[ sql ] [ SQL ] UPDATE `ld_theme_file`  SET `theme`='index',`action`='portal/List/index',`file`='portal/list_museum',`name`='服务与支持页',`more`='{\"vars\":[],\"widgets\":[]}',`config_more`='{\"vars\":[],\"widgets\":[]}',`description`='服务与支持模板文件',`is_public`=0,`list_order`=10  WHERE  `theme` = 'index'  AND `file` = 'portal/list_museum' [ RunTime:0.024655s ]
[ sql ] [ SQL ] SELECT * FROM `ld_theme_file` WHERE  `theme` = 'index'  AND `file` = 'portal/list_product' LIMIT 1 [ RunTime:0.019780s ]
[ sql ] [ SQL ] UPDATE `ld_theme_file`  SET `theme`='index',`action`='portal/List/index',`file`='portal/list_product',`name`='产品展示页',`more`='{\"vars\":[],\"widgets\":[]}',`config_more`='{\"vars\":[],\"widgets\":[]}',`description`='产品展示模板文件',`is_public`=0,`list_order`=10  WHERE  `theme` = 'index'  AND `file` = 'portal/list_product' [ RunTime:0.024660s ]
[ sql ] [ SQL ] SELECT * FROM `ld_theme_file` WHERE  `theme` = 'index'  AND `file` = 'portal/page' LIMIT 1 [ RunTime:0.019940s ]
[ sql ] [ SQL ] UPDATE `ld_theme_file`  SET `theme`='index',`action`='portal/Page/index',`file`='portal/page',`name`='单页',`more`='{\"vars\":[],\"widgets\":[]}',`config_more`='{\"vars\":[],\"widgets\":[]}',`description`='单页模板',`is_public`=0,`list_order`=10  WHERE  `theme` = 'index'  AND `file` = 'portal/page' [ RunTime:0.024484s ]
[ sql ] [ SQL ] SELECT * FROM `ld_theme_file` WHERE  `theme` = 'index' [ RunTime:0.024145s ]
[ sql ] [ SQL ] SHOW COLUMNS FROM `ld_theme` [ RunTime:0.021134s ]
[ sql ] [ SQL ] UPDATE `ld_theme`  SET `name`='ld',`version`='1.0.2',`demo_url`='http://mydear.vip',`author`='龙鼎',`lang`='zh-cn',`author_url`='http://mydear.vip',`keywords`='龙鼎模板',`description`='龙鼎模板'  WHERE  `theme` = 'index' [ RunTime:0.026549s ]
[ sql ] [ SQL ] SELECT `more` FROM `ld_theme_file` WHERE  `theme` = 'index'  AND (  `is_public` = 1 OR `file` = 'portal/index' ) [ RunTime:0.019701s ]
[ sql ] [ SQL ] SHOW COLUMNS FROM `ld_portal_category` [ RunTime:0.020732s ]
[ sql ] [ SQL ] SELECT `parent_id`,`id` FROM `ld_portal_category` WHERE  `id` = 0 LIMIT 1 [ RunTime:0.019767s ]
[ sql ] [ SQL ] SELECT * FROM `ld_portal_category` WHERE  `status` = 1  AND `delete_time` = 0  AND `parent_id` = 0  AND `id` <> 27 ORDER BY `list_order` DESC,`id` ASC [ RunTime:0.020225s ]
[ sql ] [ SQL ] SELECT `parent_id`,`id` FROM `ld_portal_category` WHERE  `id` = 0 LIMIT 1 [ RunTime:0.019786s ]
[ sql ] [ SQL ] SELECT * FROM `ld_portal_category` WHERE  `status` = 1  AND `delete_time` = 0  AND `parent_id` = 0  AND `id` <> 27 ORDER BY `list_order` DESC,`id` ASC [ RunTime:0.020337s ]
---------------------------------------------------------------
[ 2020-09-07T08:47:10+08:00 ] 127.0.0.1 GET /favicon.ico
[ info ] www.zhaopin.com:8080/favicon.ico [运行时间：0.106436s][吞吐率：9.40req/s] [内存消耗：1,853.98kb] [文件加载：60]
[ info ] [ CACHE ] INIT File
[ info ] [ BEHAVIOR ] Run cmf\behavior\InitHookBehavior @app_init [ RunTime:0.008742s ]
[ info ] [ LANG ] E:\phpStudy\PHPTutorial\WWW\zhaopin\simplewind\thinkphp\lang\zh-cn.php
[ info ] [ ROUTE ] array (
  'type' => 'module',
  'module' => 
  array (
    0 => 'favicon.ico',
    1 => NULL,
    2 => NULL,
  ),
)
[ info ] [ HEADER ] array (
  'cookie' => 'admin_username=admin; thinkphp_show_page_trace=0|0',
  'accept-language' => 'zh-CN,zh;q=0.9,en-US;q=0.8,en;q=0.7',
  'accept-encoding' => 'gzip, deflate',
  'referer' => 'http://www.zhaopin.com:8080/',
  'accept' => 'image/webp,image/apng,image/*,*/*;q=0.8',
  'user-agent' => 'Mozilla/5.0 (Windows NT 10.0; Win64; x64) AppleWebKit/537.36 (KHTML, like Gecko) Chrome/79.0.3945.88 Safari/537.36',
  'connection' => 'close',
  'host' => 'www.zhaopin.com:8080',
)
[ info ] [ PARAM ] array (
)
[ info ] [ LANG ] E:\phpStudy\PHPTutorial\WWW\zhaopin\public/../simplewind/cmf/lang\zh-cn.php
[ info ] [ LANG ] E:\phpStudy\PHPTutorial\WWW\zhaopin\public/../app/admin\lang\zh-cn\common.php
[ info ] [ LANG ] E:\phpStudy\PHPTutorial\WWW\zhaopin\public/../app/portal\lang\zh-cn\common.php
[ info ] [ BEHAVIOR ] Run cmf\behavior\LangBehavior @app_begin [ RunTime:0.012271s ]
[ info ] [ LOG ] INIT File
---------------------------------------------------------------
[ 2020-09-07T08:47:14+08:00 ] 127.0.0.1 GET /
[ info ] www.zhaopin.com:8080/ [运行时间：1.021369s][吞吐率：0.98req/s] [内存消耗：3,532.66kb] [文件加载：88]
[ info ] [ CACHE ] INIT File
[ info ] [ BEHAVIOR ] Run cmf\behavior\InitHookBehavior @app_init [ RunTime:0.004582s ]
[ info ] [ LANG ] E:\phpStudy\PHPTutorial\WWW\zhaopin\simplewind\thinkphp\lang\zh-cn.php
[ info ] [ ROUTE ] array (
  'type' => 'module',
  'module' => 
  array (
    0 => '',
    1 => NULL,
    2 => NULL,
  ),
)
[ info ] [ HEADER ] array (
  'cookie' => 'admin_username=admin; thinkphp_show_page_trace=0|0',
  'accept-language' => 'zh-CN,zh;q=0.9,en-US;q=0.8,en;q=0.7',
  'accept-encoding' => 'gzip, deflate',
  'accept' => 'text/html,application/xhtml+xml,application/xml;q=0.9,image/webp,image/apng,*/*;q=0.8,application/signed-exchange;v=b3;q=0.9',
  'user-agent' => 'Mozilla/5.0 (Windows NT 10.0; Win64; x64) AppleWebKit/537.36 (KHTML, like Gecko) Chrome/79.0.3945.88 Safari/537.36',
  'upgrade-insecure-requests' => '1',
  'cache-control' => 'max-age=0',
  'connection' => 'close',
  'host' => 'www.zhaopin.com:8080',
)
[ info ] [ PARAM ] array (
)
[ info ] [ LANG ] E:\phpStudy\PHPTutorial\WWW\zhaopin\public/../simplewind/cmf/lang\zh-cn.php
[ info ] [ LANG ] E:\phpStudy\PHPTutorial\WWW\zhaopin\public/../app/admin\lang\zh-cn\common.php
[ info ] [ LANG ] E:\phpStudy\PHPTutorial\WWW\zhaopin\public/../app/portal\lang\zh-cn\common.php
[ info ] [ BEHAVIOR ] Run cmf\behavior\LangBehavior @app_begin [ RunTime:0.004758s ]
[ info ] [ LANG ] E:\phpStudy\PHPTutorial\WWW\zhaopin\public/../app/portal\lang\zh-cn.php
[ info ] [ LANG ] E:\phpStudy\PHPTutorial\WWW\zhaopin\public/../app/portal\lang\zh-cn\home.php
[ info ] [ BEHAVIOR ] Run cmf\behavior\HomeLangBehavior @home_init [ RunTime:0.002932s ]
[ info ] [ RUN ] app\portal\controller\IndexController->index[ E:\phpStudy\PHPTutorial\WWW\zhaopin\app\portal\controller\IndexController.php ]
[ info ] [ DB ] INIT mysql
[ info ] [ VIEW ] themes/index/portal\\index.html [ array (
  0 => 'site_info',
  1 => 'product',
  2 => 'price',
  3 => 'theme_vars',
  4 => 'theme_widgets',
) ]
[ info ] [ LOG ] INIT File
[ sql ] [ DB ] CONNECT:[ UseTime:0.032744s ] mysql:host=47.92.238.166;port=3306;dbname=zhaopin;charset=utf8mb4
[ sql ] [ SQL ] SHOW COLUMNS FROM `ld_product` [ RunTime:0.020499s ]
[ sql ] [ SQL ] SELECT * FROM `ld_product` ORDER BY `list_order` DESC,`creatime` DESC [ RunTime:0.019497s ]
[ sql ] [ SQL ] SHOW COLUMNS FROM `ld_price` [ RunTime:0.020559s ]
[ sql ] [ SQL ] SELECT * FROM `ld_price` ORDER BY `list_order` DESC,`creatime` DESC [ RunTime:0.019287s ]
[ sql ] [ SQL ] SHOW COLUMNS FROM `ld_theme_file` [ RunTime:0.020327s ]
[ sql ] [ SQL ] SELECT * FROM `ld_theme_file` WHERE  `theme` = 'index'  AND `file` = 'portal/article' LIMIT 1 [ RunTime:0.020491s ]
[ sql ] [ SQL ] UPDATE `ld_theme_file`  SET `theme`='index',`action`='portal/Article/index',`file`='portal/article',`name`='新闻文章页',`more`='[]',`config_more`='[]',`description`='文章页模板文件',`is_public`=0,`list_order`=10  WHERE  `theme` = 'index'  AND `file` = 'portal/article' [ RunTime:0.026186s ]
[ sql ] [ SQL ] SELECT * FROM `ld_theme_file` WHERE  `theme` = 'index'  AND `file` = 'portal/article_sale' LIMIT 1 [ RunTime:0.020249s ]
[ sql ] [ SQL ] UPDATE `ld_theme_file`  SET `theme`='index',`action`='portal/Article/index',`file`='portal/article_sale',`name`='产品展示页',`more`='[]',`config_more`='[]',`description`='产品展示模板文件',`is_public`=0,`list_order`=10  WHERE  `theme` = 'index'  AND `file` = 'portal/article_sale' [ RunTime:0.025106s ]
[ sql ] [ SQL ] SELECT * FROM `ld_theme_file` WHERE  `theme` = 'index'  AND `file` = 'portal/list' LIMIT 1 [ RunTime:0.019062s ]
[ sql ] [ SQL ] UPDATE `ld_theme_file`  SET `theme`='index',`action`='portal/List/index',`file`='portal/list',`name`='新闻列表页',`more`='{\"vars\":[],\"widgets\":[]}',`config_more`='{\"vars\":[],\"widgets\":[]}',`description`='新闻列表模板文件',`is_public`=0,`list_order`=10  WHERE  `theme` = 'index'  AND `file` = 'portal/list' [ RunTime:0.026995s ]
[ sql ] [ SQL ] SELECT * FROM `ld_theme_file` WHERE  `theme` = 'index'  AND `file` = 'portal/list_about' LIMIT 1 [ RunTime:0.019595s ]
[ sql ] [ SQL ] UPDATE `ld_theme_file`  SET `theme`='index',`action`='portal/List/index',`file`='portal/list_about',`name`='关于我们页',`more`='{\"vars\":[],\"widgets\":[]}',`config_more`='{\"vars\":[],\"widgets\":[]}',`description`='关于我们模板文件',`is_public`=0,`list_order`=10  WHERE  `theme` = 'index'  AND `file` = 'portal/list_about' [ RunTime:0.027103s ]
[ sql ] [ SQL ] SELECT * FROM `ld_theme_file` WHERE  `theme` = 'index'  AND `file` = 'portal/list_contact' LIMIT 1 [ RunTime:0.020046s ]
[ sql ] [ SQL ] UPDATE `ld_theme_file`  SET `theme`='index',`action`='portal/List/index',`file`='portal/list_contact',`name`='联系我们页',`more`='{\"vars\":[],\"widgets\":[]}',`config_more`='{\"vars\":[],\"widgets\":[]}',`description`='联系我们模板文件',`is_public`=0,`list_order`=10  WHERE  `theme` = 'index'  AND `file` = 'portal/list_contact' [ RunTime:0.023799s ]
[ sql ] [ SQL ] SELECT * FROM `ld_theme_file` WHERE  `theme` = 'index'  AND `file` = 'portal/list_hezuo' LIMIT 1 [ RunTime:0.019650s ]
[ sql ] [ SQL ] UPDATE `ld_theme_file`  SET `theme`='index',`action`='portal/List/index',`file`='portal/list_hezuo',`name`='合作伙伴页',`more`='{\"vars\":[],\"widgets\":[]}',`config_more`='{\"vars\":[],\"widgets\":[]}',`description`='合作伙伴模板文件',`is_public`=0,`list_order`=10  WHERE  `theme` = 'index'  AND `file` = 'portal/list_hezuo' [ RunTime:0.024878s ]
[ sql ] [ SQL ] SELECT * FROM `ld_theme_file` WHERE  `theme` = 'index'  AND `file` = 'portal/list_join' LIMIT 1 [ RunTime:0.019926s ]
[ sql ] [ SQL ] UPDATE `ld_theme_file`  SET `theme`='index',`action`='portal/List/index',`file`='portal/list_join',`name`='加入我们页',`more`='{\"vars\":[],\"widgets\":[]}',`config_more`='{\"vars\":[],\"widgets\":[]}',`description`='加入我们模板文件',`is_public`=0,`list_order`=10  WHERE  `theme` = 'index'  AND `file` = 'portal/list_join' [ RunTime:0.024379s ]
[ sql ] [ SQL ] SELECT * FROM `ld_theme_file` WHERE  `theme` = 'index'  AND `file` = 'portal/list_museum' LIMIT 1 [ RunTime:0.019719s ]
[ sql ] [ SQL ] UPDATE `ld_theme_file`  SET `theme`='index',`action`='portal/List/index',`file`='portal/list_museum',`name`='服务与支持页',`more`='{\"vars\":[],\"widgets\":[]}',`config_more`='{\"vars\":[],\"widgets\":[]}',`description`='服务与支持模板文件',`is_public`=0,`list_order`=10  WHERE  `theme` = 'index'  AND `file` = 'portal/list_museum' [ RunTime:0.030978s ]
[ sql ] [ SQL ] SELECT * FROM `ld_theme_file` WHERE  `theme` = 'index'  AND `file` = 'portal/list_product' LIMIT 1 [ RunTime:0.019806s ]
[ sql ] [ SQL ] UPDATE `ld_theme_file`  SET `theme`='index',`action`='portal/List/index',`file`='portal/list_product',`name`='产品展示页',`more`='{\"vars\":[],\"widgets\":[]}',`config_more`='{\"vars\":[],\"widgets\":[]}',`description`='产品展示模板文件',`is_public`=0,`list_order`=10  WHERE  `theme` = 'index'  AND `file` = 'portal/list_product' [ RunTime:0.023644s ]
[ sql ] [ SQL ] SELECT * FROM `ld_theme_file` WHERE  `theme` = 'index'  AND `file` = 'portal/page' LIMIT 1 [ RunTime:0.019950s ]
[ sql ] [ SQL ] UPDATE `ld_theme_file`  SET `theme`='index',`action`='portal/Page/index',`file`='portal/page',`name`='单页',`more`='{\"vars\":[],\"widgets\":[]}',`config_more`='{\"vars\":[],\"widgets\":[]}',`description`='单页模板',`is_public`=0,`list_order`=10  WHERE  `theme` = 'index'  AND `file` = 'portal/page' [ RunTime:0.026754s ]
[ sql ] [ SQL ] SELECT * FROM `ld_theme_file` WHERE  `theme` = 'index' [ RunTime:0.020567s ]
[ sql ] [ SQL ] SHOW COLUMNS FROM `ld_theme` [ RunTime:0.020173s ]
[ sql ] [ SQL ] UPDATE `ld_theme`  SET `name`='ld',`version`='1.0.2',`demo_url`='http://mydear.vip',`author`='龙鼎',`lang`='zh-cn',`author_url`='http://mydear.vip',`keywords`='龙鼎模板',`description`='龙鼎模板'  WHERE  `theme` = 'index' [ RunTime:0.029478s ]
[ sql ] [ SQL ] SELECT `more` FROM `ld_theme_file` WHERE  `theme` = 'index'  AND (  `is_public` = 1 OR `file` = 'portal/index' ) [ RunTime:0.019455s ]
[ sql ] [ SQL ] SHOW COLUMNS FROM `ld_portal_category` [ RunTime:0.020585s ]
[ sql ] [ SQL ] SELECT `parent_id`,`id` FROM `ld_portal_category` WHERE  `id` = 0 LIMIT 1 [ RunTime:0.018925s ]
[ sql ] [ SQL ] SELECT * FROM `ld_portal_category` WHERE  `status` = 1  AND `delete_time` = 0  AND `parent_id` = 0  AND `id` <> 27 ORDER BY `list_order` DESC,`id` ASC [ RunTime:0.020264s ]
[ sql ] [ SQL ] SELECT `parent_id`,`id` FROM `ld_portal_category` WHERE  `id` = 0 LIMIT 1 [ RunTime:0.019776s ]
[ sql ] [ SQL ] SELECT * FROM `ld_portal_category` WHERE  `status` = 1  AND `delete_time` = 0  AND `parent_id` = 0  AND `id` <> 27 ORDER BY `list_order` DESC,`id` ASC [ RunTime:0.020584s ]
---------------------------------------------------------------
[ 2020-09-07T08:47:29+08:00 ] 127.0.0.1 GET /portal/confer/index
[ info ] www.zhaopin.com:8080/portal/confer/index [运行时间：0.876256s][吞吐率：1.14req/s] [内存消耗：3,284.51kb] [文件加载：84]
[ info ] [ CACHE ] INIT File
[ info ] [ BEHAVIOR ] Run cmf\behavior\InitHookBehavior @app_init [ RunTime:0.007444s ]
[ info ] [ LANG ] E:\phpStudy\PHPTutorial\WWW\zhaopin\simplewind\thinkphp\lang\zh-cn.php
[ info ] [ ROUTE ] array (
  'type' => 'module',
  'module' => 
  array (
    0 => 'portal',
    1 => 'confer',
    2 => 'index',
  ),
)
[ info ] [ HEADER ] array (
  'cookie' => 'admin_username=admin; thinkphp_show_page_trace=0|0',
  'accept-language' => 'zh-CN,zh;q=0.9,en-US;q=0.8,en;q=0.7',
  'accept-encoding' => 'gzip, deflate',
  'accept' => 'text/html,application/xhtml+xml,application/xml;q=0.9,image/webp,image/apng,*/*;q=0.8,application/signed-exchange;v=b3;q=0.9',
  'user-agent' => 'Mozilla/5.0 (Windows NT 10.0; Win64; x64) AppleWebKit/537.36 (KHTML, like Gecko) Chrome/79.0.3945.88 Safari/537.36',
  'upgrade-insecure-requests' => '1',
  'connection' => 'close',
  'host' => 'www.zhaopin.com:8080',
)
[ info ] [ PARAM ] array (
)
[ info ] [ LANG ] E:\phpStudy\PHPTutorial\WWW\zhaopin\public/../simplewind/cmf/lang\zh-cn.php
[ info ] [ LANG ] E:\phpStudy\PHPTutorial\WWW\zhaopin\public/../app/admin\lang\zh-cn\common.php
[ info ] [ LANG ] E:\phpStudy\PHPTutorial\WWW\zhaopin\public/../app/portal\lang\zh-cn\common.php
[ info ] [ BEHAVIOR ] Run cmf\behavior\LangBehavior @app_begin [ RunTime:0.004950s ]
[ info ] [ LANG ] E:\phpStudy\PHPTutorial\WWW\zhaopin\public/../app/portal\lang\zh-cn.php
[ info ] [ LANG ] E:\phpStudy\PHPTutorial\WWW\zhaopin\public/../app/portal\lang\zh-cn\home.php
[ info ] [ BEHAVIOR ] Run cmf\behavior\HomeLangBehavior @home_init [ RunTime:0.003212s ]
[ info ] [ RUN ] app\portal\controller\ConferController->index[ E:\phpStudy\PHPTutorial\WWW\zhaopin\app\portal\controller\ConferController.php ]
[ info ] [ DB ] INIT mysql
[ info ] [ VIEW ] themes/index/portal\confer\index.html [ array (
  0 => 'site_info',
  1 => 'page',
  2 => 'list',
  3 => 'theme_vars',
  4 => 'theme_widgets',
) ]
[ info ] [ LOG ] INIT File
[ sql ] [ DB ] CONNECT:[ UseTime:0.028642s ] mysql:host=47.92.238.166;port=3306;dbname=zhaopin;charset=utf8mb4
[ sql ] [ SQL ] SHOW COLUMNS FROM `ld_stu_conference` [ RunTime:0.018455s ]
[ sql ] [ SQL ] SELECT COUNT(*) AS tp_count FROM `ld_stu_conference` WHERE  `uid` = 4 LIMIT 1 [ RunTime:0.018304s ]
[ sql ] [ SQL ] SELECT * FROM `ld_stu_conference` WHERE  `uid` = 4 ORDER BY `cre_time` DESC LIMIT 0,9 [ RunTime:0.017484s ]
[ sql ] [ SQL ] SHOW COLUMNS FROM `ld_theme_file` [ RunTime:0.018071s ]
[ sql ] [ SQL ] SELECT * FROM `ld_theme_file` WHERE  `theme` = 'index'  AND `file` = 'portal/article' LIMIT 1 [ RunTime:0.017523s ]
[ sql ] [ SQL ] UPDATE `ld_theme_file`  SET `theme`='index',`action`='portal/Article/index',`file`='portal/article',`name`='新闻文章页',`more`='[]',`config_more`='[]',`description`='文章页模板文件',`is_public`=0,`list_order`=10  WHERE  `theme` = 'index'  AND `file` = 'portal/article' [ RunTime:0.023497s ]
[ sql ] [ SQL ] SELECT * FROM `ld_theme_file` WHERE  `theme` = 'index'  AND `file` = 'portal/article_sale' LIMIT 1 [ RunTime:0.017688s ]
[ sql ] [ SQL ] UPDATE `ld_theme_file`  SET `theme`='index',`action`='portal/Article/index',`file`='portal/article_sale',`name`='产品展示页',`more`='[]',`config_more`='[]',`description`='产品展示模板文件',`is_public`=0,`list_order`=10  WHERE  `theme` = 'index'  AND `file` = 'portal/article_sale' [ RunTime:0.024387s ]
[ sql ] [ SQL ] SELECT * FROM `ld_theme_file` WHERE  `theme` = 'index'  AND `file` = 'portal/list' LIMIT 1 [ RunTime:0.017531s ]
[ sql ] [ SQL ] UPDATE `ld_theme_file`  SET `theme`='index',`action`='portal/List/index',`file`='portal/list',`name`='新闻列表页',`more`='{\"vars\":[],\"widgets\":[]}',`config_more`='{\"vars\":[],\"widgets\":[]}',`description`='新闻列表模板文件',`is_public`=0,`list_order`=10  WHERE  `theme` = 'index'  AND `file` = 'portal/list' [ RunTime:0.022198s ]
[ sql ] [ SQL ] SELECT * FROM `ld_theme_file` WHERE  `theme` = 'index'  AND `file` = 'portal/list_about' LIMIT 1 [ RunTime:0.017526s ]
[ sql ] [ SQL ] UPDATE `ld_theme_file`  SET `theme`='index',`action`='portal/List/index',`file`='portal/list_about',`name`='关于我们页',`more`='{\"vars\":[],\"widgets\":[]}',`config_more`='{\"vars\":[],\"widgets\":[]}',`description`='关于我们模板文件',`is_public`=0,`list_order`=10  WHERE  `theme` = 'index'  AND `file` = 'portal/list_about' [ RunTime:0.021601s ]
[ sql ] [ SQL ] SELECT * FROM `ld_theme_file` WHERE  `theme` = 'index'  AND `file` = 'portal/list_contact' LIMIT 1 [ RunTime:0.017336s ]
[ sql ] [ SQL ] UPDATE `ld_theme_file`  SET `theme`='index',`action`='portal/List/index',`file`='portal/list_contact',`name`='联系我们页',`more`='{\"vars\":[],\"widgets\":[]}',`config_more`='{\"vars\":[],\"widgets\":[]}',`description`='联系我们模板文件',`is_public`=0,`list_order`=10  WHERE  `theme` = 'index'  AND `file` = 'portal/list_contact' [ RunTime:0.022443s ]
[ sql ] [ SQL ] SELECT * FROM `ld_theme_file` WHERE  `theme` = 'index'  AND `file` = 'portal/list_hezuo' LIMIT 1 [ RunTime:0.017557s ]
[ sql ] [ SQL ] UPDATE `ld_theme_file`  SET `theme`='index',`action`='portal/List/index',`file`='portal/list_hezuo',`name`='合作伙伴页',`more`='{\"vars\":[],\"widgets\":[]}',`config_more`='{\"vars\":[],\"widgets\":[]}',`description`='合作伙伴模板文件',`is_public`=0,`list_order`=10  WHERE  `theme` = 'index'  AND `file` = 'portal/list_hezuo' [ RunTime:0.022044s ]
[ sql ] [ SQL ] SELECT * FROM `ld_theme_file` WHERE  `theme` = 'index'  AND `file` = 'portal/list_join' LIMIT 1 [ RunTime:0.017303s ]
[ sql ] [ SQL ] UPDATE `ld_theme_file`  SET `theme`='index',`action`='portal/List/index',`file`='portal/list_join',`name`='加入我们页',`more`='{\"vars\":[],\"widgets\":[]}',`config_more`='{\"vars\":[],\"widgets\":[]}',`description`='加入我们模板文件',`is_public`=0,`list_order`=10  WHERE  `theme` = 'index'  AND `file` = 'portal/list_join' [ RunTime:0.021879s ]
[ sql ] [ SQL ] SELECT * FROM `ld_theme_file` WHERE  `theme` = 'index'  AND `file` = 'portal/list_museum' LIMIT 1 [ RunTime:0.017341s ]
[ sql ] [ SQL ] UPDATE `ld_theme_file`  SET `theme`='index',`action`='portal/List/index',`file`='portal/list_museum',`name`='服务与支持页',`more`='{\"vars\":[],\"widgets\":[]}',`config_more`='{\"vars\":[],\"widgets\":[]}',`description`='服务与支持模板文件',`is_public`=0,`list_order`=10  WHERE  `theme` = 'index'  AND `file` = 'portal/list_museum' [ RunTime:0.023297s ]
[ sql ] [ SQL ] SELECT * FROM `ld_theme_file` WHERE  `theme` = 'index'  AND `file` = 'portal/list_product' LIMIT 1 [ RunTime:0.017418s ]
[ sql ] [ SQL ] UPDATE `ld_theme_file`  SET `theme`='index',`action`='portal/List/index',`file`='portal/list_product',`name`='产品展示页',`more`='{\"vars\":[],\"widgets\":[]}',`config_more`='{\"vars\":[],\"widgets\":[]}',`description`='产品展示模板文件',`is_public`=0,`list_order`=10  WHERE  `theme` = 'index'  AND `file` = 'portal/list_product' [ RunTime:0.022241s ]
[ sql ] [ SQL ] SELECT * FROM `ld_theme_file` WHERE  `theme` = 'index'  AND `file` = 'portal/page' LIMIT 1 [ RunTime:0.017384s ]
[ sql ] [ SQL ] UPDATE `ld_theme_file`  SET `theme`='index',`action`='portal/Page/index',`file`='portal/page',`name`='单页',`more`='{\"vars\":[],\"widgets\":[]}',`config_more`='{\"vars\":[],\"widgets\":[]}',`description`='单页模板',`is_public`=0,`list_order`=10  WHERE  `theme` = 'index'  AND `file` = 'portal/page' [ RunTime:0.022854s ]
[ sql ] [ SQL ] SELECT * FROM `ld_theme_file` WHERE  `theme` = 'index' [ RunTime:0.017928s ]
[ sql ] [ SQL ] SHOW COLUMNS FROM `ld_theme` [ RunTime:0.017898s ]
[ sql ] [ SQL ] UPDATE `ld_theme`  SET `name`='ld',`version`='1.0.2',`demo_url`='http://mydear.vip',`author`='龙鼎',`lang`='zh-cn',`author_url`='http://mydear.vip',`keywords`='龙鼎模板',`description`='龙鼎模板'  WHERE  `theme` = 'index' [ RunTime:0.021471s ]
[ sql ] [ SQL ] SELECT `more` FROM `ld_theme_file` WHERE  `theme` = 'index'  AND (  `is_public` = 1 OR `file` = 'portal/confer/index' ) [ RunTime:0.017258s ]
[ sql ] [ SQL ] SHOW COLUMNS FROM `ld_stu_pz` [ RunTime:0.017842s ]
[ sql ] [ SQL ] SELECT COUNT(h_id) AS tp_count FROM `ld_stu_pz` WHERE  `h_id` = '2'  AND `uid` = 4 LIMIT 1 [ RunTime:0.018651s ]
[ sql ] [ SQL ] SELECT COUNT(h_id) AS tp_count FROM `ld_stu_pz` WHERE  `h_id` = '1'  AND `uid` = 4 LIMIT 1 [ RunTime:0.020568s ]
---------------------------------------------------------------
[ 2020-09-07T08:47:43+08:00 ] 127.0.0.1 GET /portal/confer/article/id/2.html
[ info ] www.zhaopin.com:8080/portal/confer/article/id/2.html [运行时间：0.876032s][吞吐率：1.14req/s] [内存消耗：3,193.56kb] [文件加载：80]
[ info ] [ CACHE ] INIT File
[ info ] [ BEHAVIOR ] Run cmf\behavior\InitHookBehavior @app_init [ RunTime:0.004807s ]
[ info ] [ LANG ] E:\phpStudy\PHPTutorial\WWW\zhaopin\simplewind\thinkphp\lang\zh-cn.php
[ info ] [ ROUTE ] array (
  'type' => 'module',
  'module' => 
  array (
    0 => 'portal',
    1 => 'confer',
    2 => 'article',
  ),
)
[ info ] [ HEADER ] array (
  'cookie' => 'thinkphp_show_page_trace=0|0; admin_username=admin; thinkphp_show_page_trace=0|0',
  'accept-language' => 'zh-CN,zh;q=0.9,en-US;q=0.8,en;q=0.7',
  'accept-encoding' => 'gzip, deflate',
  'referer' => 'http://www.zhaopin.com:8080/portal/confer/index',
  'accept' => 'text/html,application/xhtml+xml,application/xml;q=0.9,image/webp,image/apng,*/*;q=0.8,application/signed-exchange;v=b3;q=0.9',
  'user-agent' => 'Mozilla/5.0 (Windows NT 10.0; Win64; x64) AppleWebKit/537.36 (KHTML, like Gecko) Chrome/79.0.3945.88 Safari/537.36',
  'upgrade-insecure-requests' => '1',
  'connection' => 'close',
  'host' => 'www.zhaopin.com:8080',
)
[ info ] [ PARAM ] array (
  'id' => '2',
)
[ info ] [ LANG ] E:\phpStudy\PHPTutorial\WWW\zhaopin\public/../simplewind/cmf/lang\zh-cn.php
[ info ] [ LANG ] E:\phpStudy\PHPTutorial\WWW\zhaopin\public/../app/admin\lang\zh-cn\common.php
[ info ] [ LANG ] E:\phpStudy\PHPTutorial\WWW\zhaopin\public/../app/portal\lang\zh-cn\common.php
[ info ] [ BEHAVIOR ] Run cmf\behavior\LangBehavior @app_begin [ RunTime:0.005497s ]
[ info ] [ LANG ] E:\phpStudy\PHPTutorial\WWW\zhaopin\public/../app/portal\lang\zh-cn.php
[ info ] [ LANG ] E:\phpStudy\PHPTutorial\WWW\zhaopin\public/../app/portal\lang\zh-cn\home.php
[ info ] [ BEHAVIOR ] Run cmf\behavior\HomeLangBehavior @home_init [ RunTime:0.002565s ]
[ info ] [ RUN ] app\portal\controller\ConferController->article[ E:\phpStudy\PHPTutorial\WWW\zhaopin\app\portal\controller\ConferController.php ]
[ info ] [ DB ] INIT mysql
[ info ] [ VIEW ] themes/index/portal\confer\article.html [ array (
  0 => 'site_info',
  1 => 'article',
  2 => 'zp',
  3 => 'theme_vars',
  4 => 'theme_widgets',
) ]
[ info ] [ LOG ] INIT File
[ sql ] [ DB ] CONNECT:[ UseTime:0.032145s ] mysql:host=47.92.238.166;port=3306;dbname=zhaopin;charset=utf8mb4
[ sql ] [ SQL ] SHOW COLUMNS FROM `ld_stu_conference` [ RunTime:0.020462s ]
[ sql ] [ SQL ] SELECT * FROM `ld_stu_conference` WHERE  `id` = 2 LIMIT 1 [ RunTime:0.019779s ]
[ sql ] [ SQL ] SHOW COLUMNS FROM `ld_stu_pz` [ RunTime:0.020155s ]
[ sql ] [ SQL ] SELECT `fair_id` FROM `ld_stu_pz` WHERE  `h_id` = '2' [ RunTime:0.019270s ]
[ sql ] [ SQL ] SHOW COLUMNS FROM `ld_theme_file` [ RunTime:0.020203s ]
[ sql ] [ SQL ] SELECT * FROM `ld_theme_file` WHERE  `theme` = 'index'  AND `file` = 'portal/article' LIMIT 1 [ RunTime:0.019943s ]
[ sql ] [ SQL ] UPDATE `ld_theme_file`  SET `theme`='index',`action`='portal/Article/index',`file`='portal/article',`name`='新闻文章页',`more`='[]',`config_more`='[]',`description`='文章页模板文件',`is_public`=0,`list_order`=10  WHERE  `theme` = 'index'  AND `file` = 'portal/article' [ RunTime:0.027532s ]
[ sql ] [ SQL ] SELECT * FROM `ld_theme_file` WHERE  `theme` = 'index'  AND `file` = 'portal/article_sale' LIMIT 1 [ RunTime:0.019265s ]
[ sql ] [ SQL ] UPDATE `ld_theme_file`  SET `theme`='index',`action`='portal/Article/index',`file`='portal/article_sale',`name`='产品展示页',`more`='[]',`config_more`='[]',`description`='产品展示模板文件',`is_public`=0,`list_order`=10  WHERE  `theme` = 'index'  AND `file` = 'portal/article_sale' [ RunTime:0.027375s ]
[ sql ] [ SQL ] SELECT * FROM `ld_theme_file` WHERE  `theme` = 'index'  AND `file` = 'portal/list' LIMIT 1 [ RunTime:0.019089s ]
[ sql ] [ SQL ] UPDATE `ld_theme_file`  SET `theme`='index',`action`='portal/List/index',`file`='portal/list',`name`='新闻列表页',`more`='{\"vars\":[],\"widgets\":[]}',`config_more`='{\"vars\":[],\"widgets\":[]}',`description`='新闻列表模板文件',`is_public`=0,`list_order`=10  WHERE  `theme` = 'index'  AND `file` = 'portal/list' [ RunTime:0.023714s ]
[ sql ] [ SQL ] SELECT * FROM `ld_theme_file` WHERE  `theme` = 'index'  AND `file` = 'portal/list_about' LIMIT 1 [ RunTime:0.019541s ]
[ sql ] [ SQL ] UPDATE `ld_theme_file`  SET `theme`='index',`action`='portal/List/index',`file`='portal/list_about',`name`='关于我们页',`more`='{\"vars\":[],\"widgets\":[]}',`config_more`='{\"vars\":[],\"widgets\":[]}',`description`='关于我们模板文件',`is_public`=0,`list_order`=10  WHERE  `theme` = 'index'  AND `file` = 'portal/list_about' [ RunTime:0.024738s ]
[ sql ] [ SQL ] SELECT * FROM `ld_theme_file` WHERE  `theme` = 'index'  AND `file` = 'portal/list_contact' LIMIT 1 [ RunTime:0.019292s ]
[ sql ] [ SQL ] UPDATE `ld_theme_file`  SET `theme`='index',`action`='portal/List/index',`file`='portal/list_contact',`name`='联系我们页',`more`='{\"vars\":[],\"widgets\":[]}',`config_more`='{\"vars\":[],\"widgets\":[]}',`description`='联系我们模板文件',`is_public`=0,`list_order`=10  WHERE  `theme` = 'index'  AND `file` = 'portal/list_contact' [ RunTime:0.024590s ]
[ sql ] [ SQL ] SELECT * FROM `ld_theme_file` WHERE  `theme` = 'index'  AND `file` = 'portal/list_hezuo' LIMIT 1 [ RunTime:0.019189s ]
[ sql ] [ SQL ] UPDATE `ld_theme_file`  SET `theme`='index',`action`='portal/List/index',`file`='portal/list_hezuo',`name`='合作伙伴页',`more`='{\"vars\":[],\"widgets\":[]}',`config_more`='{\"vars\":[],\"widgets\":[]}',`description`='合作伙伴模板文件',`is_public`=0,`list_order`=10  WHERE  `theme` = 'index'  AND `file` = 'portal/list_hezuo' [ RunTime:0.024396s ]
[ sql ] [ SQL ] SELECT * FROM `ld_theme_file` WHERE  `theme` = 'index'  AND `file` = 'portal/list_join' LIMIT 1 [ RunTime:0.019290s ]
[ sql ] [ SQL ] UPDATE `ld_theme_file`  SET `theme`='index',`action`='portal/List/index',`file`='portal/list_join',`name`='加入我们页',`more`='{\"vars\":[],\"widgets\":[]}',`config_more`='{\"vars\":[],\"widgets\":[]}',`description`='加入我们模板文件',`is_public`=0,`list_order`=10  WHERE  `theme` = 'index'  AND `file` = 'portal/list_join' [ RunTime:0.023931s ]
[ sql ] [ SQL ] SELECT * FROM `ld_theme_file` WHERE  `theme` = 'index'  AND `file` = 'portal/list_museum' LIMIT 1 [ RunTime:0.019484s ]
[ sql ] [ SQL ] UPDATE `ld_theme_file`  SET `theme`='index',`action`='portal/List/index',`file`='portal/list_museum',`name`='服务与支持页',`more`='{\"vars\":[],\"widgets\":[]}',`config_more`='{\"vars\":[],\"widgets\":[]}',`description`='服务与支持模板文件',`is_public`=0,`list_order`=10  WHERE  `theme` = 'index'  AND `file` = 'portal/list_museum' [ RunTime:0.025095s ]
[ sql ] [ SQL ] SELECT * FROM `ld_theme_file` WHERE  `theme` = 'index'  AND `file` = 'portal/list_product' LIMIT 1 [ RunTime:0.019318s ]
[ sql ] [ SQL ] UPDATE `ld_theme_file`  SET `theme`='index',`action`='portal/List/index',`file`='portal/list_product',`name`='产品展示页',`more`='{\"vars\":[],\"widgets\":[]}',`config_more`='{\"vars\":[],\"widgets\":[]}',`description`='产品展示模板文件',`is_public`=0,`list_order`=10  WHERE  `theme` = 'index'  AND `file` = 'portal/list_product' [ RunTime:0.023125s ]
[ sql ] [ SQL ] SELECT * FROM `ld_theme_file` WHERE  `theme` = 'index'  AND `file` = 'portal/page' LIMIT 1 [ RunTime:0.019478s ]
[ sql ] [ SQL ] UPDATE `ld_theme_file`  SET `theme`='index',`action`='portal/Page/index',`file`='portal/page',`name`='单页',`more`='{\"vars\":[],\"widgets\":[]}',`config_more`='{\"vars\":[],\"widgets\":[]}',`description`='单页模板',`is_public`=0,`list_order`=10  WHERE  `theme` = 'index'  AND `file` = 'portal/page' [ RunTime:0.024264s ]
[ sql ] [ SQL ] SELECT * FROM `ld_theme_file` WHERE  `theme` = 'index' [ RunTime:0.020096s ]
[ sql ] [ SQL ] SHOW COLUMNS FROM `ld_theme` [ RunTime:0.020059s ]
[ sql ] [ SQL ] UPDATE `ld_theme`  SET `name`='ld',`version`='1.0.2',`demo_url`='http://mydear.vip',`author`='龙鼎',`lang`='zh-cn',`author_url`='http://mydear.vip',`keywords`='龙鼎模板',`description`='龙鼎模板'  WHERE  `theme` = 'index' [ RunTime:0.023580s ]
[ sql ] [ SQL ] SELECT `more` FROM `ld_theme_file` WHERE  `theme` = 'index'  AND (  `is_public` = 1 OR `file` = 'portal/confer/article' ) [ RunTime:0.019021s ]
---------------------------------------------------------------
[ 2020-09-07T08:49:31+08:00 ] 127.0.0.1 GET /portal/confer/article/id/2.html
[ info ] www.zhaopin.com:8080/portal/confer/article/id/2.html [运行时间：0.904877s][吞吐率：1.11req/s] [内存消耗：3,193.64kb] [文件加载：80]
[ info ] [ CACHE ] INIT File
[ info ] [ BEHAVIOR ] Run cmf\behavior\InitHookBehavior @app_init [ RunTime:0.011217s ]
[ info ] [ LANG ] E:\phpStudy\PHPTutorial\WWW\zhaopin\simplewind\thinkphp\lang\zh-cn.php
[ info ] [ ROUTE ] array (
  'type' => 'module',
  'module' => 
  array (
    0 => 'portal',
    1 => 'confer',
    2 => 'article',
  ),
)
[ info ] [ HEADER ] array (
  'cookie' => 'thinkphp_show_page_trace=0|0; thinkphp_show_page_trace=0|0; admin_username=admin; thinkphp_show_page_trace=0|0',
  'accept-language' => 'zh-CN,zh;q=0.9,en-US;q=0.8,en;q=0.7',
  'accept-encoding' => 'gzip, deflate',
  'referer' => 'http://www.zhaopin.com:8080/portal/confer/index',
  'accept' => 'text/html,application/xhtml+xml,application/xml;q=0.9,image/webp,image/apng,*/*;q=0.8,application/signed-exchange;v=b3;q=0.9',
  'user-agent' => 'Mozilla/5.0 (Windows NT 10.0; Win64; x64) AppleWebKit/537.36 (KHTML, like Gecko) Chrome/79.0.3945.88 Safari/537.36',
  'upgrade-insecure-requests' => '1',
  'cache-control' => 'max-age=0',
  'connection' => 'close',
  'host' => 'www.zhaopin.com:8080',
)
[ info ] [ PARAM ] array (
  'id' => '2',
)
[ info ] [ LANG ] E:\phpStudy\PHPTutorial\WWW\zhaopin\public/../simplewind/cmf/lang\zh-cn.php
[ info ] [ LANG ] E:\phpStudy\PHPTutorial\WWW\zhaopin\public/../app/admin\lang\zh-cn\common.php
[ info ] [ LANG ] E:\phpStudy\PHPTutorial\WWW\zhaopin\public/../app/portal\lang\zh-cn\common.php
[ info ] [ BEHAVIOR ] Run cmf\behavior\LangBehavior @app_begin [ RunTime:0.007787s ]
[ info ] [ LANG ] E:\phpStudy\PHPTutorial\WWW\zhaopin\public/../app/portal\lang\zh-cn.php
[ info ] [ LANG ] E:\phpStudy\PHPTutorial\WWW\zhaopin\public/../app/portal\lang\zh-cn\home.php
[ info ] [ BEHAVIOR ] Run cmf\behavior\HomeLangBehavior @home_init [ RunTime:0.003095s ]
[ info ] [ RUN ] app\portal\controller\ConferController->article[ E:\phpStudy\PHPTutorial\WWW\zhaopin\app\portal\controller\ConferController.php ]
[ info ] [ DB ] INIT mysql
[ info ] [ VIEW ] themes/index/portal\confer\article.html [ array (
  0 => 'site_info',
  1 => 'article',
  2 => 'zp',
  3 => 'theme_vars',
  4 => 'theme_widgets',
) ]
[ info ] [ LOG ] INIT File
[ sql ] [ DB ] CONNECT:[ UseTime:0.027256s ] mysql:host=47.92.238.166;port=3306;dbname=zhaopin;charset=utf8mb4
[ sql ] [ SQL ] SHOW COLUMNS FROM `ld_stu_conference` [ RunTime:0.018460s ]
[ sql ] [ SQL ] SELECT * FROM `ld_stu_conference` WHERE  `id` = 2 LIMIT 1 [ RunTime:0.020720s ]
[ sql ] [ SQL ] SHOW COLUMNS FROM `ld_stu_pz` [ RunTime:0.018268s ]
[ sql ] [ SQL ] SELECT `fair_id` FROM `ld_stu_pz` WHERE  `h_id` = '2' [ RunTime:0.017311s ]
[ sql ] [ SQL ] SHOW COLUMNS FROM `ld_theme_file` [ RunTime:0.017738s ]
[ sql ] [ SQL ] SELECT * FROM `ld_theme_file` WHERE  `theme` = 'index'  AND `file` = 'portal/article' LIMIT 1 [ RunTime:0.017635s ]
[ sql ] [ SQL ] UPDATE `ld_theme_file`  SET `theme`='index',`action`='portal/Article/index',`file`='portal/article',`name`='新闻文章页',`more`='[]',`config_more`='[]',`description`='文章页模板文件',`is_public`=0,`list_order`=10  WHERE  `theme` = 'index'  AND `file` = 'portal/article' [ RunTime:0.021757s ]
[ sql ] [ SQL ] SELECT * FROM `ld_theme_file` WHERE  `theme` = 'index'  AND `file` = 'portal/article_sale' LIMIT 1 [ RunTime:0.017624s ]
[ sql ] [ SQL ] UPDATE `ld_theme_file`  SET `theme`='index',`action`='portal/Article/index',`file`='portal/article_sale',`name`='产品展示页',`more`='[]',`config_more`='[]',`description`='产品展示模板文件',`is_public`=0,`list_order`=10  WHERE  `theme` = 'index'  AND `file` = 'portal/article_sale' [ RunTime:0.022486s ]
[ sql ] [ SQL ] SELECT * FROM `ld_theme_file` WHERE  `theme` = 'index'  AND `file` = 'portal/list' LIMIT 1 [ RunTime:0.017125s ]
[ sql ] [ SQL ] UPDATE `ld_theme_file`  SET `theme`='index',`action`='portal/List/index',`file`='portal/list',`name`='新闻列表页',`more`='{\"vars\":[],\"widgets\":[]}',`config_more`='{\"vars\":[],\"widgets\":[]}',`description`='新闻列表模板文件',`is_public`=0,`list_order`=10  WHERE  `theme` = 'index'  AND `file` = 'portal/list' [ RunTime:0.023226s ]
[ sql ] [ SQL ] SELECT * FROM `ld_theme_file` WHERE  `theme` = 'index'  AND `file` = 'portal/list_about' LIMIT 1 [ RunTime:0.016505s ]
[ sql ] [ SQL ] UPDATE `ld_theme_file`  SET `theme`='index',`action`='portal/List/index',`file`='portal/list_about',`name`='关于我们页',`more`='{\"vars\":[],\"widgets\":[]}',`config_more`='{\"vars\":[],\"widgets\":[]}',`description`='关于我们模板文件',`is_public`=0,`list_order`=10  WHERE  `theme` = 'index'  AND `file` = 'portal/list_about' [ RunTime:0.021893s ]
[ sql ] [ SQL ] SELECT * FROM `ld_theme_file` WHERE  `theme` = 'index'  AND `file` = 'portal/list_contact' LIMIT 1 [ RunTime:0.029043s ]
[ sql ] [ SQL ] UPDATE `ld_theme_file`  SET `theme`='index',`action`='portal/List/index',`file`='portal/list_contact',`name`='联系我们页',`more`='{\"vars\":[],\"widgets\":[]}',`config_more`='{\"vars\":[],\"widgets\":[]}',`description`='联系我们模板文件',`is_public`=0,`list_order`=10  WHERE  `theme` = 'index'  AND `file` = 'portal/list_contact' [ RunTime:0.022017s ]
[ sql ] [ SQL ] SELECT * FROM `ld_theme_file` WHERE  `theme` = 'index'  AND `file` = 'portal/list_hezuo' LIMIT 1 [ RunTime:0.017352s ]
[ sql ] [ SQL ] UPDATE `ld_theme_file`  SET `theme`='index',`action`='portal/List/index',`file`='portal/list_hezuo',`name`='合作伙伴页',`more`='{\"vars\":[],\"widgets\":[]}',`config_more`='{\"vars\":[],\"widgets\":[]}',`description`='合作伙伴模板文件',`is_public`=0,`list_order`=10  WHERE  `theme` = 'index'  AND `file` = 'portal/list_hezuo' [ RunTime:0.024394s ]
[ sql ] [ SQL ] SELECT * FROM `ld_theme_file` WHERE  `theme` = 'index'  AND `file` = 'portal/list_join' LIMIT 1 [ RunTime:0.017496s ]
[ sql ] [ SQL ] UPDATE `ld_theme_file`  SET `theme`='index',`action`='portal/List/index',`file`='portal/list_join',`name`='加入我们页',`more`='{\"vars\":[],\"widgets\":[]}',`config_more`='{\"vars\":[],\"widgets\":[]}',`description`='加入我们模板文件',`is_public`=0,`list_order`=10  WHERE  `theme` = 'index'  AND `file` = 'portal/list_join' [ RunTime:0.023640s ]
[ sql ] [ SQL ] SELECT * FROM `ld_theme_file` WHERE  `theme` = 'index'  AND `file` = 'portal/list_museum' LIMIT 1 [ RunTime:0.017215s ]
[ sql ] [ SQL ] UPDATE `ld_theme_file`  SET `theme`='index',`action`='portal/List/index',`file`='portal/list_museum',`name`='服务与支持页',`more`='{\"vars\":[],\"widgets\":[]}',`config_more`='{\"vars\":[],\"widgets\":[]}',`description`='服务与支持模板文件',`is_public`=0,`list_order`=10  WHERE  `theme` = 'index'  AND `file` = 'portal/list_museum' [ RunTime:0.027966s ]
[ sql ] [ SQL ] SELECT * FROM `ld_theme_file` WHERE  `theme` = 'index'  AND `file` = 'portal/list_product' LIMIT 1 [ RunTime:0.019272s ]
[ sql ] [ SQL ] UPDATE `ld_theme_file`  SET `theme`='index',`action`='portal/List/index',`file`='portal/list_product',`name`='产品展示页',`more`='{\"vars\":[],\"widgets\":[]}',`config_more`='{\"vars\":[],\"widgets\":[]}',`description`='产品展示模板文件',`is_public`=0,`list_order`=10  WHERE  `theme` = 'index'  AND `file` = 'portal/list_product' [ RunTime:0.022439s ]
[ sql ] [ SQL ] SELECT * FROM `ld_theme_file` WHERE  `theme` = 'index'  AND `file` = 'portal/page' LIMIT 1 [ RunTime:0.017691s ]
[ sql ] [ SQL ] UPDATE `ld_theme_file`  SET `theme`='index',`action`='portal/Page/index',`file`='portal/page',`name`='单页',`more`='{\"vars\":[],\"widgets\":[]}',`config_more`='{\"vars\":[],\"widgets\":[]}',`description`='单页模板',`is_public`=0,`list_order`=10  WHERE  `theme` = 'index'  AND `file` = 'portal/page' [ RunTime:0.022206s ]
[ sql ] [ SQL ] SELECT * FROM `ld_theme_file` WHERE  `theme` = 'index' [ RunTime:0.018494s ]
[ sql ] [ SQL ] SHOW COLUMNS FROM `ld_theme` [ RunTime:0.017886s ]
[ sql ] [ SQL ] UPDATE `ld_theme`  SET `name`='ld',`version`='1.0.2',`demo_url`='http://mydear.vip',`author`='龙鼎',`lang`='zh-cn',`author_url`='http://mydear.vip',`keywords`='龙鼎模板',`description`='龙鼎模板'  WHERE  `theme` = 'index' [ RunTime:0.022516s ]
[ sql ] [ SQL ] SELECT `more` FROM `ld_theme_file` WHERE  `theme` = 'index'  AND (  `is_public` = 1 OR `file` = 'portal/confer/article' ) [ RunTime:0.017116s ]
---------------------------------------------------------------
[ 2020-09-07T08:50:02+08:00 ] 127.0.0.1 GET /portal/confer/article/id/2.html
[ info ] www.zhaopin.com:8080/portal/confer/article/id/2.html [运行时间：0.975653s][吞吐率：1.02req/s] [内存消耗：3,189.63kb] [文件加载：80]
[ info ] [ CACHE ] INIT File
[ info ] [ BEHAVIOR ] Run cmf\behavior\InitHookBehavior @app_init [ RunTime:0.007855s ]
[ info ] [ LANG ] E:\phpStudy\PHPTutorial\WWW\zhaopin\simplewind\thinkphp\lang\zh-cn.php
[ info ] [ ROUTE ] array (
  'type' => 'module',
  'module' => 
  array (
    0 => 'portal',
    1 => 'confer',
    2 => 'article',
  ),
)
[ info ] [ HEADER ] array (
  'cookie' => 'thinkphp_show_page_trace=0|0; thinkphp_show_page_trace=0|0; admin_username=admin; thinkphp_show_page_trace=0|0',
  'accept-language' => 'zh-CN,zh;q=0.9,en-US;q=0.8,en;q=0.7',
  'accept-encoding' => 'gzip, deflate',
  'referer' => 'http://www.zhaopin.com:8080/portal/confer/index',
  'accept' => 'text/html,application/xhtml+xml,application/xml;q=0.9,image/webp,image/apng,*/*;q=0.8,application/signed-exchange;v=b3;q=0.9',
  'user-agent' => 'Mozilla/5.0 (Windows NT 10.0; Win64; x64) AppleWebKit/537.36 (KHTML, like Gecko) Chrome/79.0.3945.88 Safari/537.36',
  'upgrade-insecure-requests' => '1',
  'cache-control' => 'max-age=0',
  'connection' => 'close',
  'host' => 'www.zhaopin.com:8080',
)
[ info ] [ PARAM ] array (
  'id' => '2',
)
[ info ] [ LANG ] E:\phpStudy\PHPTutorial\WWW\zhaopin\public/../simplewind/cmf/lang\zh-cn.php
[ info ] [ LANG ] E:\phpStudy\PHPTutorial\WWW\zhaopin\public/../app/admin\lang\zh-cn\common.php
[ info ] [ LANG ] E:\phpStudy\PHPTutorial\WWW\zhaopin\public/../app/portal\lang\zh-cn\common.php
[ info ] [ BEHAVIOR ] Run cmf\behavior\LangBehavior @app_begin [ RunTime:0.006231s ]
[ info ] [ LANG ] E:\phpStudy\PHPTutorial\WWW\zhaopin\public/../app/portal\lang\zh-cn.php
[ info ] [ LANG ] E:\phpStudy\PHPTutorial\WWW\zhaopin\public/../app/portal\lang\zh-cn\home.php
[ info ] [ BEHAVIOR ] Run cmf\behavior\HomeLangBehavior @home_init [ RunTime:0.004518s ]
[ info ] [ RUN ] app\portal\controller\ConferController->article[ E:\phpStudy\PHPTutorial\WWW\zhaopin\app\portal\controller\ConferController.php ]
[ info ] [ DB ] INIT mysql
[ info ] [ VIEW ] themes/index/portal\confer\article.html [ array (
  0 => 'site_info',
  1 => 'article',
  2 => 'zp',
  3 => 'theme_vars',
  4 => 'theme_widgets',
) ]
[ info ] [ LOG ] INIT File
[ sql ] [ DB ] CONNECT:[ UseTime:0.029742s ] mysql:host=47.92.238.166;port=3306;dbname=zhaopin;charset=utf8mb4
[ sql ] [ SQL ] SHOW COLUMNS FROM `ld_stu_conference` [ RunTime:0.029766s ]
[ sql ] [ SQL ] SELECT * FROM `ld_stu_conference` WHERE  `id` = 2 LIMIT 1 [ RunTime:0.019079s ]
[ sql ] [ SQL ] SHOW COLUMNS FROM `ld_stu_pz` [ RunTime:0.020353s ]
[ sql ] [ SQL ] SELECT `fair_id` FROM `ld_stu_pz` WHERE  `h_id` = '2' [ RunTime:0.019162s ]
[ sql ] [ SQL ] SHOW COLUMNS FROM `ld_theme_file` [ RunTime:0.021390s ]
[ sql ] [ SQL ] SELECT * FROM `ld_theme_file` WHERE  `theme` = 'index'  AND `file` = 'portal/article' LIMIT 1 [ RunTime:0.020965s ]
[ sql ] [ SQL ] UPDATE `ld_theme_file`  SET `theme`='index',`action`='portal/Article/index',`file`='portal/article',`name`='新闻文章页',`more`='[]',`config_more`='[]',`description`='文章页模板文件',`is_public`=0,`list_order`=10  WHERE  `theme` = 'index'  AND `file` = 'portal/article' [ RunTime:0.028200s ]
[ sql ] [ SQL ] SELECT * FROM `ld_theme_file` WHERE  `theme` = 'index'  AND `file` = 'portal/article_sale' LIMIT 1 [ RunTime:0.019913s ]
[ sql ] [ SQL ] UPDATE `ld_theme_file`  SET `theme`='index',`action`='portal/Article/index',`file`='portal/article_sale',`name`='产品展示页',`more`='[]',`config_more`='[]',`description`='产品展示模板文件',`is_public`=0,`list_order`=10  WHERE  `theme` = 'index'  AND `file` = 'portal/article_sale' [ RunTime:0.023980s ]
[ sql ] [ SQL ] SELECT * FROM `ld_theme_file` WHERE  `theme` = 'index'  AND `file` = 'portal/list' LIMIT 1 [ RunTime:0.020309s ]
[ sql ] [ SQL ] UPDATE `ld_theme_file`  SET `theme`='index',`action`='portal/List/index',`file`='portal/list',`name`='新闻列表页',`more`='{\"vars\":[],\"widgets\":[]}',`config_more`='{\"vars\":[],\"widgets\":[]}',`description`='新闻列表模板文件',`is_public`=0,`list_order`=10  WHERE  `theme` = 'index'  AND `file` = 'portal/list' [ RunTime:0.024497s ]
[ sql ] [ SQL ] SELECT * FROM `ld_theme_file` WHERE  `theme` = 'index'  AND `file` = 'portal/list_about' LIMIT 1 [ RunTime:0.019461s ]
[ sql ] [ SQL ] UPDATE `ld_theme_file`  SET `theme`='index',`action`='portal/List/index',`file`='portal/list_about',`name`='关于我们页',`more`='{\"vars\":[],\"widgets\":[]}',`config_more`='{\"vars\":[],\"widgets\":[]}',`description`='关于我们模板文件',`is_public`=0,`list_order`=10  WHERE  `theme` = 'index'  AND `file` = 'portal/list_about' [ RunTime:0.024514s ]
[ sql ] [ SQL ] SELECT * FROM `ld_theme_file` WHERE  `theme` = 'index'  AND `file` = 'portal/list_contact' LIMIT 1 [ RunTime:0.019628s ]
[ sql ] [ SQL ] UPDATE `ld_theme_file`  SET `theme`='index',`action`='portal/List/index',`file`='portal/list_contact',`name`='联系我们页',`more`='{\"vars\":[],\"widgets\":[]}',`config_more`='{\"vars\":[],\"widgets\":[]}',`description`='联系我们模板文件',`is_public`=0,`list_order`=10  WHERE  `theme` = 'index'  AND `file` = 'portal/list_contact' [ RunTime:0.025579s ]
[ sql ] [ SQL ] SELECT * FROM `ld_theme_file` WHERE  `theme` = 'index'  AND `file` = 'portal/list_hezuo' LIMIT 1 [ RunTime:0.019486s ]
[ sql ] [ SQL ] UPDATE `ld_theme_file`  SET `theme`='index',`action`='portal/List/index',`file`='portal/list_hezuo',`name`='合作伙伴页',`more`='{\"vars\":[],\"widgets\":[]}',`config_more`='{\"vars\":[],\"widgets\":[]}',`description`='合作伙伴模板文件',`is_public`=0,`list_order`=10  WHERE  `theme` = 'index'  AND `file` = 'portal/list_hezuo' [ RunTime:0.026730s ]
[ sql ] [ SQL ] SELECT * FROM `ld_theme_file` WHERE  `theme` = 'index'  AND `file` = 'portal/list_join' LIMIT 1 [ RunTime:0.019371s ]
[ sql ] [ SQL ] UPDATE `ld_theme_file`  SET `theme`='index',`action`='portal/List/index',`file`='portal/list_join',`name`='加入我们页',`more`='{\"vars\":[],\"widgets\":[]}',`config_more`='{\"vars\":[],\"widgets\":[]}',`description`='加入我们模板文件',`is_public`=0,`list_order`=10  WHERE  `theme` = 'index'  AND `file` = 'portal/list_join' [ RunTime:0.025652s ]
[ sql ] [ SQL ] SELECT * FROM `ld_theme_file` WHERE  `theme` = 'index'  AND `file` = 'portal/list_museum' LIMIT 1 [ RunTime:0.019101s ]
[ sql ] [ SQL ] UPDATE `ld_theme_file`  SET `theme`='index',`action`='portal/List/index',`file`='portal/list_museum',`name`='服务与支持页',`more`='{\"vars\":[],\"widgets\":[]}',`config_more`='{\"vars\":[],\"widgets\":[]}',`description`='服务与支持模板文件',`is_public`=0,`list_order`=10  WHERE  `theme` = 'index'  AND `file` = 'portal/list_museum' [ RunTime:0.023669s ]
[ sql ] [ SQL ] SELECT * FROM `ld_theme_file` WHERE  `theme` = 'index'  AND `file` = 'portal/list_product' LIMIT 1 [ RunTime:0.020367s ]
[ sql ] [ SQL ] UPDATE `ld_theme_file`  SET `theme`='index',`action`='portal/List/index',`file`='portal/list_product',`name`='产品展示页',`more`='{\"vars\":[],\"widgets\":[]}',`config_more`='{\"vars\":[],\"widgets\":[]}',`description`='产品展示模板文件',`is_public`=0,`list_order`=10  WHERE  `theme` = 'index'  AND `file` = 'portal/list_product' [ RunTime:0.026265s ]
[ sql ] [ SQL ] SELECT * FROM `ld_theme_file` WHERE  `theme` = 'index'  AND `file` = 'portal/page' LIMIT 1 [ RunTime:0.018936s ]
[ sql ] [ SQL ] UPDATE `ld_theme_file`  SET `theme`='index',`action`='portal/Page/index',`file`='portal/page',`name`='单页',`more`='{\"vars\":[],\"widgets\":[]}',`config_more`='{\"vars\":[],\"widgets\":[]}',`description`='单页模板',`is_public`=0,`list_order`=10  WHERE  `theme` = 'index'  AND `file` = 'portal/page' [ RunTime:0.029488s ]
[ sql ] [ SQL ] SELECT * FROM `ld_theme_file` WHERE  `theme` = 'index' [ RunTime:0.023116s ]
[ sql ] [ SQL ] SHOW COLUMNS FROM `ld_theme` [ RunTime:0.019933s ]
[ sql ] [ SQL ] UPDATE `ld_theme`  SET `name`='ld',`version`='1.0.2',`demo_url`='http://mydear.vip',`author`='龙鼎',`lang`='zh-cn',`author_url`='http://mydear.vip',`keywords`='龙鼎模板',`description`='龙鼎模板'  WHERE  `theme` = 'index' [ RunTime:0.024694s ]
[ sql ] [ SQL ] SELECT `more` FROM `ld_theme_file` WHERE  `theme` = 'index'  AND (  `is_public` = 1 OR `file` = 'portal/confer/article' ) [ RunTime:0.022082s ]
---------------------------------------------------------------
[ 2020-09-07T08:52:04+08:00 ] 127.0.0.1 GET /portal/confer/article/id/2.html
[ info ] www.zhaopin.com:8080/portal/confer/article/id/2.html [运行时间：0.871904s][吞吐率：1.15req/s] [内存消耗：3,188.88kb] [文件加载：80]
[ info ] [ CACHE ] INIT File
[ info ] [ BEHAVIOR ] Run cmf\behavior\InitHookBehavior @app_init [ RunTime:0.007553s ]
[ info ] [ LANG ] E:\phpStudy\PHPTutorial\WWW\zhaopin\simplewind\thinkphp\lang\zh-cn.php
[ info ] [ ROUTE ] array (
  'type' => 'module',
  'module' => 
  array (
    0 => 'portal',
    1 => 'confer',
    2 => 'article',
  ),
)
[ info ] [ HEADER ] array (
  'cookie' => 'thinkphp_show_page_trace=0|0; thinkphp_show_page_trace=0|0; admin_username=admin; thinkphp_show_page_trace=0|0',
  'accept-language' => 'zh-CN,zh;q=0.9,en-US;q=0.8,en;q=0.7',
  'accept-encoding' => 'gzip, deflate',
  'referer' => 'http://www.zhaopin.com:8080/portal/confer/index',
  'accept' => 'text/html,application/xhtml+xml,application/xml;q=0.9,image/webp,image/apng,*/*;q=0.8,application/signed-exchange;v=b3;q=0.9',
  'user-agent' => 'Mozilla/5.0 (Windows NT 10.0; Win64; x64) AppleWebKit/537.36 (KHTML, like Gecko) Chrome/79.0.3945.88 Safari/537.36',
  'upgrade-insecure-requests' => '1',
  'cache-control' => 'max-age=0',
  'connection' => 'close',
  'host' => 'www.zhaopin.com:8080',
)
[ info ] [ PARAM ] array (
  'id' => '2',
)
[ info ] [ LANG ] E:\phpStudy\PHPTutorial\WWW\zhaopin\public/../simplewind/cmf/lang\zh-cn.php
[ info ] [ LANG ] E:\phpStudy\PHPTutorial\WWW\zhaopin\public/../app/admin\lang\zh-cn\common.php
[ info ] [ LANG ] E:\phpStudy\PHPTutorial\WWW\zhaopin\public/../app/portal\lang\zh-cn\common.php
[ info ] [ BEHAVIOR ] Run cmf\behavior\LangBehavior @app_begin [ RunTime:0.005156s ]
[ info ] [ LANG ] E:\phpStudy\PHPTutorial\WWW\zhaopin\public/../app/portal\lang\zh-cn.php
[ info ] [ LANG ] E:\phpStudy\PHPTutorial\WWW\zhaopin\public/../app/portal\lang\zh-cn\home.php
[ info ] [ BEHAVIOR ] Run cmf\behavior\HomeLangBehavior @home_init [ RunTime:0.004913s ]
[ info ] [ RUN ] app\portal\controller\ConferController->article[ E:\phpStudy\PHPTutorial\WWW\zhaopin\app\portal\controller\ConferController.php ]
[ info ] [ DB ] INIT mysql
[ info ] [ VIEW ] themes/index/portal\confer\article.html [ array (
  0 => 'site_info',
  1 => 'article',
  2 => 'zp',
  3 => 'theme_vars',
  4 => 'theme_widgets',
) ]
[ info ] [ LOG ] INIT File
[ sql ] [ DB ] CONNECT:[ UseTime:0.030222s ] mysql:host=47.92.238.166;port=3306;dbname=zhaopin;charset=utf8mb4
[ sql ] [ SQL ] SHOW COLUMNS FROM `ld_stu_conference` [ RunTime:0.019432s ]
[ sql ] [ SQL ] SELECT * FROM `ld_stu_conference` WHERE  `id` = 2 LIMIT 1 [ RunTime:0.018561s ]
[ sql ] [ SQL ] SHOW COLUMNS FROM `ld_stu_pz` [ RunTime:0.019369s ]
[ sql ] [ SQL ] SELECT `fair_id` FROM `ld_stu_pz` WHERE  `h_id` = '2' [ RunTime:0.018336s ]
[ sql ] [ SQL ] SHOW COLUMNS FROM `ld_theme_file` [ RunTime:0.019552s ]
[ sql ] [ SQL ] SELECT * FROM `ld_theme_file` WHERE  `theme` = 'index'  AND `file` = 'portal/article' LIMIT 1 [ RunTime:0.018660s ]
[ sql ] [ SQL ] UPDATE `ld_theme_file`  SET `theme`='index',`action`='portal/Article/index',`file`='portal/article',`name`='新闻文章页',`more`='[]',`config_more`='[]',`description`='文章页模板文件',`is_public`=0,`list_order`=10  WHERE  `theme` = 'index'  AND `file` = 'portal/article' [ RunTime:0.024106s ]
[ sql ] [ SQL ] SELECT * FROM `ld_theme_file` WHERE  `theme` = 'index'  AND `file` = 'portal/article_sale' LIMIT 1 [ RunTime:0.019038s ]
[ sql ] [ SQL ] UPDATE `ld_theme_file`  SET `theme`='index',`action`='portal/Article/index',`file`='portal/article_sale',`name`='产品展示页',`more`='[]',`config_more`='[]',`description`='产品展示模板文件',`is_public`=0,`list_order`=10  WHERE  `theme` = 'index'  AND `file` = 'portal/article_sale' [ RunTime:0.024869s ]
[ sql ] [ SQL ] SELECT * FROM `ld_theme_file` WHERE  `theme` = 'index'  AND `file` = 'portal/list' LIMIT 1 [ RunTime:0.018773s ]
[ sql ] [ SQL ] UPDATE `ld_theme_file`  SET `theme`='index',`action`='portal/List/index',`file`='portal/list',`name`='新闻列表页',`more`='{\"vars\":[],\"widgets\":[]}',`config_more`='{\"vars\":[],\"widgets\":[]}',`description`='新闻列表模板文件',`is_public`=0,`list_order`=10  WHERE  `theme` = 'index'  AND `file` = 'portal/list' [ RunTime:0.023239s ]
[ sql ] [ SQL ] SELECT * FROM `ld_theme_file` WHERE  `theme` = 'index'  AND `file` = 'portal/list_about' LIMIT 1 [ RunTime:0.018727s ]
[ sql ] [ SQL ] UPDATE `ld_theme_file`  SET `theme`='index',`action`='portal/List/index',`file`='portal/list_about',`name`='关于我们页',`more`='{\"vars\":[],\"widgets\":[]}',`config_more`='{\"vars\":[],\"widgets\":[]}',`description`='关于我们模板文件',`is_public`=0,`list_order`=10  WHERE  `theme` = 'index'  AND `file` = 'portal/list_about' [ RunTime:0.024087s ]
[ sql ] [ SQL ] SELECT * FROM `ld_theme_file` WHERE  `theme` = 'index'  AND `file` = 'portal/list_contact' LIMIT 1 [ RunTime:0.018895s ]
[ sql ] [ SQL ] UPDATE `ld_theme_file`  SET `theme`='index',`action`='portal/List/index',`file`='portal/list_contact',`name`='联系我们页',`more`='{\"vars\":[],\"widgets\":[]}',`config_more`='{\"vars\":[],\"widgets\":[]}',`description`='联系我们模板文件',`is_public`=0,`list_order`=10  WHERE  `theme` = 'index'  AND `file` = 'portal/list_contact' [ RunTime:0.023703s ]
[ sql ] [ SQL ] SELECT * FROM `ld_theme_file` WHERE  `theme` = 'index'  AND `file` = 'portal/list_hezuo' LIMIT 1 [ RunTime:0.018539s ]
[ sql ] [ SQL ] UPDATE `ld_theme_file`  SET `theme`='index',`action`='portal/List/index',`file`='portal/list_hezuo',`name`='合作伙伴页',`more`='{\"vars\":[],\"widgets\":[]}',`config_more`='{\"vars\":[],\"widgets\":[]}',`description`='合作伙伴模板文件',`is_public`=0,`list_order`=10  WHERE  `theme` = 'index'  AND `file` = 'portal/list_hezuo' [ RunTime:0.022954s ]
[ sql ] [ SQL ] SELECT * FROM `ld_theme_file` WHERE  `theme` = 'index'  AND `file` = 'portal/list_join' LIMIT 1 [ RunTime:0.018828s ]
[ sql ] [ SQL ] UPDATE `ld_theme_file`  SET `theme`='index',`action`='portal/List/index',`file`='portal/list_join',`name`='加入我们页',`more`='{\"vars\":[],\"widgets\":[]}',`config_more`='{\"vars\":[],\"widgets\":[]}',`description`='加入我们模板文件',`is_public`=0,`list_order`=10  WHERE  `theme` = 'index'  AND `file` = 'portal/list_join' [ RunTime:0.023144s ]
[ sql ] [ SQL ] SELECT * FROM `ld_theme_file` WHERE  `theme` = 'index'  AND `file` = 'portal/list_museum' LIMIT 1 [ RunTime:0.018479s ]
[ sql ] [ SQL ] UPDATE `ld_theme_file`  SET `theme`='index',`action`='portal/List/index',`file`='portal/list_museum',`name`='服务与支持页',`more`='{\"vars\":[],\"widgets\":[]}',`config_more`='{\"vars\":[],\"widgets\":[]}',`description`='服务与支持模板文件',`is_public`=0,`list_order`=10  WHERE  `theme` = 'index'  AND `file` = 'portal/list_museum' [ RunTime:0.024214s ]
[ sql ] [ SQL ] SELECT * FROM `ld_theme_file` WHERE  `theme` = 'index'  AND `file` = 'portal/list_product' LIMIT 1 [ RunTime:0.019126s ]
[ sql ] [ SQL ] UPDATE `ld_theme_file`  SET `theme`='index',`action`='portal/List/index',`file`='portal/list_product',`name`='产品展示页',`more`='{\"vars\":[],\"widgets\":[]}',`config_more`='{\"vars\":[],\"widgets\":[]}',`description`='产品展示模板文件',`is_public`=0,`list_order`=10  WHERE  `theme` = 'index'  AND `file` = 'portal/list_product' [ RunTime:0.027165s ]
[ sql ] [ SQL ] SELECT * FROM `ld_theme_file` WHERE  `theme` = 'index'  AND `file` = 'portal/page' LIMIT 1 [ RunTime:0.018840s ]
[ sql ] [ SQL ] UPDATE `ld_theme_file`  SET `theme`='index',`action`='portal/Page/index',`file`='portal/page',`name`='单页',`more`='{\"vars\":[],\"widgets\":[]}',`config_more`='{\"vars\":[],\"widgets\":[]}',`description`='单页模板',`is_public`=0,`list_order`=10  WHERE  `theme` = 'index'  AND `file` = 'portal/page' [ RunTime:0.024043s ]
[ sql ] [ SQL ] SELECT * FROM `ld_theme_file` WHERE  `theme` = 'index' [ RunTime:0.019258s ]
[ sql ] [ SQL ] SHOW COLUMNS FROM `ld_theme` [ RunTime:0.019743s ]
[ sql ] [ SQL ] UPDATE `ld_theme`  SET `name`='ld',`version`='1.0.2',`demo_url`='http://mydear.vip',`author`='龙鼎',`lang`='zh-cn',`author_url`='http://mydear.vip',`keywords`='龙鼎模板',`description`='龙鼎模板'  WHERE  `theme` = 'index' [ RunTime:0.023358s ]
[ sql ] [ SQL ] SELECT `more` FROM `ld_theme_file` WHERE  `theme` = 'index'  AND (  `is_public` = 1 OR `file` = 'portal/confer/article' ) [ RunTime:0.018821s ]
---------------------------------------------------------------
[ 2020-09-07T08:54:10+08:00 ] 127.0.0.1 GET /
[ info ] www.zhaopin.com:8080/ [运行时间：1.072893s][吞吐率：0.93req/s] [内存消耗：3,532.38kb] [文件加载：88]
[ info ] [ CACHE ] INIT File
[ info ] [ BEHAVIOR ] Run cmf\behavior\InitHookBehavior @app_init [ RunTime:0.012869s ]
[ info ] [ LANG ] E:\phpStudy\PHPTutorial\WWW\zhaopin\simplewind\thinkphp\lang\zh-cn.php
[ info ] [ ROUTE ] array (
  'type' => 'module',
  'module' => 
  array (
    0 => '',
    1 => NULL,
    2 => NULL,
  ),
)
[ info ] [ HEADER ] array (
  'cookie' => 'admin_username=admin; thinkphp_show_page_trace=0|0',
  'accept-language' => 'zh-CN,zh;q=0.9,en-US;q=0.8,en;q=0.7',
  'accept-encoding' => 'gzip, deflate',
  'accept' => 'text/html,application/xhtml+xml,application/xml;q=0.9,image/webp,image/apng,*/*;q=0.8,application/signed-exchange;v=b3;q=0.9',
  'user-agent' => 'Mozilla/5.0 (Windows NT 10.0; Win64; x64) AppleWebKit/537.36 (KHTML, like Gecko) Chrome/79.0.3945.88 Safari/537.36',
  'upgrade-insecure-requests' => '1',
  'connection' => 'close',
  'host' => 'www.zhaopin.com:8080',
)
[ info ] [ PARAM ] array (
)
[ info ] [ LANG ] E:\phpStudy\PHPTutorial\WWW\zhaopin\public/../simplewind/cmf/lang\zh-cn.php
[ info ] [ LANG ] E:\phpStudy\PHPTutorial\WWW\zhaopin\public/../app/admin\lang\zh-cn\common.php
[ info ] [ LANG ] E:\phpStudy\PHPTutorial\WWW\zhaopin\public/../app/portal\lang\zh-cn\common.php
[ info ] [ BEHAVIOR ] Run cmf\behavior\LangBehavior @app_begin [ RunTime:0.006069s ]
[ info ] [ LANG ] E:\phpStudy\PHPTutorial\WWW\zhaopin\public/../app/portal\lang\zh-cn.php
[ info ] [ LANG ] E:\phpStudy\PHPTutorial\WWW\zhaopin\public/../app/portal\lang\zh-cn\home.php
[ info ] [ BEHAVIOR ] Run cmf\behavior\HomeLangBehavior @home_init [ RunTime:0.004538s ]
[ info ] [ RUN ] app\portal\controller\IndexController->index[ E:\phpStudy\PHPTutorial\WWW\zhaopin\app\portal\controller\IndexController.php ]
[ info ] [ DB ] INIT mysql
[ info ] [ VIEW ] themes/index/portal\\index.html [ array (
  0 => 'site_info',
  1 => 'product',
  2 => 'price',
  3 => 'theme_vars',
  4 => 'theme_widgets',
) ]
[ info ] [ LOG ] INIT File
[ sql ] [ DB ] CONNECT:[ UseTime:0.028867s ] mysql:host=47.92.238.166;port=3306;dbname=zhaopin;charset=utf8mb4
[ sql ] [ SQL ] SHOW COLUMNS FROM `ld_product` [ RunTime:0.019782s ]
[ sql ] [ SQL ] SELECT * FROM `ld_product` ORDER BY `list_order` DESC,`creatime` DESC [ RunTime:0.019975s ]
[ sql ] [ SQL ] SHOW COLUMNS FROM `ld_price` [ RunTime:0.020148s ]
[ sql ] [ SQL ] SELECT * FROM `ld_price` ORDER BY `list_order` DESC,`creatime` DESC [ RunTime:0.019902s ]
[ sql ] [ SQL ] SHOW COLUMNS FROM `ld_theme_file` [ RunTime:0.019259s ]
[ sql ] [ SQL ] SELECT * FROM `ld_theme_file` WHERE  `theme` = 'index'  AND `file` = 'portal/article' LIMIT 1 [ RunTime:0.018820s ]
[ sql ] [ SQL ] UPDATE `ld_theme_file`  SET `theme`='index',`action`='portal/Article/index',`file`='portal/article',`name`='新闻文章页',`more`='[]',`config_more`='[]',`description`='文章页模板文件',`is_public`=0,`list_order`=10  WHERE  `theme` = 'index'  AND `file` = 'portal/article' [ RunTime:0.027504s ]
[ sql ] [ SQL ] SELECT * FROM `ld_theme_file` WHERE  `theme` = 'index'  AND `file` = 'portal/article_sale' LIMIT 1 [ RunTime:0.018597s ]
[ sql ] [ SQL ] UPDATE `ld_theme_file`  SET `theme`='index',`action`='portal/Article/index',`file`='portal/article_sale',`name`='产品展示页',`more`='[]',`config_more`='[]',`description`='产品展示模板文件',`is_public`=0,`list_order`=10  WHERE  `theme` = 'index'  AND `file` = 'portal/article_sale' [ RunTime:0.024315s ]
[ sql ] [ SQL ] SELECT * FROM `ld_theme_file` WHERE  `theme` = 'index'  AND `file` = 'portal/list' LIMIT 1 [ RunTime:0.018580s ]
[ sql ] [ SQL ] UPDATE `ld_theme_file`  SET `theme`='index',`action`='portal/List/index',`file`='portal/list',`name`='新闻列表页',`more`='{\"vars\":[],\"widgets\":[]}',`config_more`='{\"vars\":[],\"widgets\":[]}',`description`='新闻列表模板文件',`is_public`=0,`list_order`=10  WHERE  `theme` = 'index'  AND `file` = 'portal/list' [ RunTime:0.023722s ]
[ sql ] [ SQL ] SELECT * FROM `ld_theme_file` WHERE  `theme` = 'index'  AND `file` = 'portal/list_about' LIMIT 1 [ RunTime:0.018698s ]
[ sql ] [ SQL ] UPDATE `ld_theme_file`  SET `theme`='index',`action`='portal/List/index',`file`='portal/list_about',`name`='关于我们页',`more`='{\"vars\":[],\"widgets\":[]}',`config_more`='{\"vars\":[],\"widgets\":[]}',`description`='关于我们模板文件',`is_public`=0,`list_order`=10  WHERE  `theme` = 'index'  AND `file` = 'portal/list_about' [ RunTime:0.026334s ]
[ sql ] [ SQL ] SELECT * FROM `ld_theme_file` WHERE  `theme` = 'index'  AND `file` = 'portal/list_contact' LIMIT 1 [ RunTime:0.018719s ]
[ sql ] [ SQL ] UPDATE `ld_theme_file`  SET `theme`='index',`action`='portal/List/index',`file`='portal/list_contact',`name`='联系我们页',`more`='{\"vars\":[],\"widgets\":[]}',`config_more`='{\"vars\":[],\"widgets\":[]}',`description`='联系我们模板文件',`is_public`=0,`list_order`=10  WHERE  `theme` = 'index'  AND `file` = 'portal/list_contact' [ RunTime:0.023191s ]
[ sql ] [ SQL ] SELECT * FROM `ld_theme_file` WHERE  `theme` = 'index'  AND `file` = 'portal/list_hezuo' LIMIT 1 [ RunTime:0.018473s ]
[ sql ] [ SQL ] UPDATE `ld_theme_file`  SET `theme`='index',`action`='portal/List/index',`file`='portal/list_hezuo',`name`='合作伙伴页',`more`='{\"vars\":[],\"widgets\":[]}',`config_more`='{\"vars\":[],\"widgets\":[]}',`description`='合作伙伴模板文件',`is_public`=0,`list_order`=10  WHERE  `theme` = 'index'  AND `file` = 'portal/list_hezuo' [ RunTime:0.023693s ]
[ sql ] [ SQL ] SELECT * FROM `ld_theme_file` WHERE  `theme` = 'index'  AND `file` = 'portal/list_join' LIMIT 1 [ RunTime:0.018605s ]
[ sql ] [ SQL ] UPDATE `ld_theme_file`  SET `theme`='index',`action`='portal/List/index',`file`='portal/list_join',`name`='加入我们页',`more`='{\"vars\":[],\"widgets\":[]}',`config_more`='{\"vars\":[],\"widgets\":[]}',`description`='加入我们模板文件',`is_public`=0,`list_order`=10  WHERE  `theme` = 'index'  AND `file` = 'portal/list_join' [ RunTime:0.022799s ]
[ sql ] [ SQL ] SELECT * FROM `ld_theme_file` WHERE  `theme` = 'index'  AND `file` = 'portal/list_museum' LIMIT 1 [ RunTime:0.018467s ]
[ sql ] [ SQL ] UPDATE `ld_theme_file`  SET `theme`='index',`action`='portal/List/index',`file`='portal/list_museum',`name`='服务与支持页',`more`='{\"vars\":[],\"widgets\":[]}',`config_more`='{\"vars\":[],\"widgets\":[]}',`description`='服务与支持模板文件',`is_public`=0,`list_order`=10  WHERE  `theme` = 'index'  AND `file` = 'portal/list_museum' [ RunTime:0.023482s ]
[ sql ] [ SQL ] SELECT * FROM `ld_theme_file` WHERE  `theme` = 'index'  AND `file` = 'portal/list_product' LIMIT 1 [ RunTime:0.018473s ]
[ sql ] [ SQL ] UPDATE `ld_theme_file`  SET `theme`='index',`action`='portal/List/index',`file`='portal/list_product',`name`='产品展示页',`more`='{\"vars\":[],\"widgets\":[]}',`config_more`='{\"vars\":[],\"widgets\":[]}',`description`='产品展示模板文件',`is_public`=0,`list_order`=10  WHERE  `theme` = 'index'  AND `file` = 'portal/list_product' [ RunTime:0.023462s ]
[ sql ] [ SQL ] SELECT * FROM `ld_theme_file` WHERE  `theme` = 'index'  AND `file` = 'portal/page' LIMIT 1 [ RunTime:0.018880s ]
[ sql ] [ SQL ] UPDATE `ld_theme_file`  SET `theme`='index',`action`='portal/Page/index',`file`='portal/page',`name`='单页',`more`='{\"vars\":[],\"widgets\":[]}',`config_more`='{\"vars\":[],\"widgets\":[]}',`description`='单页模板',`is_public`=0,`list_order`=10  WHERE  `theme` = 'index'  AND `file` = 'portal/page' [ RunTime:0.022755s ]
[ sql ] [ SQL ] SELECT * FROM `ld_theme_file` WHERE  `theme` = 'index' [ RunTime:0.019507s ]
[ sql ] [ SQL ] SHOW COLUMNS FROM `ld_theme` [ RunTime:0.018851s ]
[ sql ] [ SQL ] UPDATE `ld_theme`  SET `name`='ld',`version`='1.0.2',`demo_url`='http://mydear.vip',`author`='龙鼎',`lang`='zh-cn',`author_url`='http://mydear.vip',`keywords`='龙鼎模板',`description`='龙鼎模板'  WHERE  `theme` = 'index' [ RunTime:0.023247s ]
[ sql ] [ SQL ] SELECT `more` FROM `ld_theme_file` WHERE  `theme` = 'index'  AND (  `is_public` = 1 OR `file` = 'portal/index' ) [ RunTime:0.018450s ]
[ sql ] [ SQL ] SHOW COLUMNS FROM `ld_portal_category` [ RunTime:0.019194s ]
[ sql ] [ SQL ] SELECT `parent_id`,`id` FROM `ld_portal_category` WHERE  `id` = 0 LIMIT 1 [ RunTime:0.019486s ]
[ sql ] [ SQL ] SELECT * FROM `ld_portal_category` WHERE  `status` = 1  AND `delete_time` = 0  AND `parent_id` = 0  AND `id` <> 27 ORDER BY `list_order` DESC,`id` ASC [ RunTime:0.019566s ]
[ sql ] [ SQL ] SELECT `parent_id`,`id` FROM `ld_portal_category` WHERE  `id` = 0 LIMIT 1 [ RunTime:0.018188s ]
[ sql ] [ SQL ] SELECT * FROM `ld_portal_category` WHERE  `status` = 1  AND `delete_time` = 0  AND `parent_id` = 0  AND `id` <> 27 ORDER BY `list_order` DESC,`id` ASC [ RunTime:0.018659s ]
---------------------------------------------------------------
[ 2020-09-07T08:54:32+08:00 ] 127.0.0.1 GET /user/adminuser/login
[ info ] www.zhaopin.com:8080/user/adminuser/login [运行时间：0.091041s][吞吐率：10.98req/s] [内存消耗：1,862.15kb] [文件加载：62]
[ info ] [ CACHE ] INIT File
[ info ] [ BEHAVIOR ] Run cmf\behavior\InitHookBehavior @app_init [ RunTime:0.005953s ]
[ info ] [ LANG ] E:\phpStudy\PHPTutorial\WWW\zhaopin\simplewind\thinkphp\lang\zh-cn.php
[ info ] [ ROUTE ] array (
  'type' => 'module',
  'module' => 
  array (
    0 => 'user',
    1 => 'adminuser',
    2 => 'login',
  ),
)
[ info ] [ HEADER ] array (
  'cookie' => 'admin_username=admin; thinkphp_show_page_trace=0|0',
  'accept-language' => 'zh-CN,zh;q=0.9,en-US;q=0.8,en;q=0.7',
  'accept-encoding' => 'gzip, deflate',
  'accept' => 'text/html,application/xhtml+xml,application/xml;q=0.9,image/webp,image/apng,*/*;q=0.8,application/signed-exchange;v=b3;q=0.9',
  'user-agent' => 'Mozilla/5.0 (Windows NT 10.0; Win64; x64) AppleWebKit/537.36 (KHTML, like Gecko) Chrome/79.0.3945.88 Safari/537.36',
  'upgrade-insecure-requests' => '1',
  'connection' => 'close',
  'host' => 'www.zhaopin.com:8080',
)
[ info ] [ PARAM ] array (
)
[ info ] [ LANG ] E:\phpStudy\PHPTutorial\WWW\zhaopin\public/../simplewind/cmf/lang\zh-cn.php
[ info ] [ LANG ] E:\phpStudy\PHPTutorial\WWW\zhaopin\public/../app/admin\lang\zh-cn\common.php
[ info ] [ LANG ] E:\phpStudy\PHPTutorial\WWW\zhaopin\public/../app/portal\lang\zh-cn\common.php
[ info ] [ BEHAVIOR ] Run cmf\behavior\LangBehavior @app_begin [ RunTime:0.007733s ]
[ info ] [ LANG ] E:\phpStudy\PHPTutorial\WWW\zhaopin\public/../app/user\lang\zh-cn.php
[ info ] [ LOG ] INIT File
